{"/home/travis/build/npmtest/node-npmtest-express-validator/test.js":{"path":"/home/travis/build/npmtest/node-npmtest-express-validator/test.js","s":{"1":2,"2":2,"3":2,"4":2,"5":2,"6":2,"7":2,"8":1,"9":2,"10":2,"11":1,"12":1,"13":1,"14":1,"15":2,"16":2,"17":2,"18":2,"19":1,"20":1,"21":2,"22":2,"23":2,"24":1,"25":1,"26":1,"27":1,"28":1,"29":1,"30":1,"31":1,"32":1,"33":1,"34":1,"35":1,"36":1,"37":2,"38":2,"39":1,"40":2,"41":2,"42":1,"43":2,"44":2,"45":1,"46":2,"47":2,"48":1,"49":1,"50":1,"51":1,"52":1},"b":{"1":[2,1,1,1],"2":[1,1,1,1],"3":[1,1],"4":[1,1],"5":[1,1],"6":[1,1],"7":[1,1],"8":[1,1],"9":[1,1,1],"10":[1,1],"11":[1,1],"12":[1,1],"13":[1,1],"14":[1,1],"15":[1,1],"16":[1,1]},"f":{"1":2,"2":2,"3":2,"4":2,"5":2,"6":1,"7":1,"8":2,"9":2,"10":2,"11":2,"12":1},"fnMap":{"1":{"name":"(anonymous_1)","line":12,"loc":{"start":{"line":12,"column":1},"end":{"line":12,"column":13}}},"2":{"name":"(anonymous_2)","line":19,"loc":{"start":{"line":19,"column":5},"end":{"line":19,"column":17}}},"3":{"name":"(anonymous_3)","line":23,"loc":{"start":{"line":23,"column":24},"end":{"line":23,"column":36}}},"4":{"name":"(anonymous_4)","line":61,"loc":{"start":{"line":61,"column":5},"end":{"line":61,"column":17}}},"5":{"name":"(anonymous_5)","line":82,"loc":{"start":{"line":82,"column":5},"end":{"line":82,"column":17}}},"6":{"name":"(anonymous_6)","line":102,"loc":{"start":{"line":102,"column":83},"end":{"line":105,"column":10}},"skip":true},"7":{"name":"(anonymous_7)","line":113,"loc":{"start":{"line":113,"column":77},"end":{"line":116,"column":10}},"skip":true},"8":{"name":"(anonymous_8)","line":129,"loc":{"start":{"line":129,"column":12},"end":{"line":129,"column":40}},"skip":true},"9":{"name":"(anonymous_9)","line":137,"loc":{"start":{"line":137,"column":77},"end":{"line":140,"column":10}},"skip":true},"10":{"name":"(anonymous_10)","line":148,"loc":{"start":{"line":148,"column":83},"end":{"line":151,"column":10}},"skip":true},"11":{"name":"(anonymous_11)","line":159,"loc":{"start":{"line":159,"column":79},"end":{"line":162,"column":10}},"skip":true},"12":{"name":"(anonymous_12)","line":170,"loc":{"start":{"line":170,"column":75},"end":{"line":173,"column":10}},"skip":true}},"statementMap":{"1":{"start":{"line":12,"column":0},"end":{"line":185,"column":5}},"2":{"start":{"line":14,"column":4},"end":{"line":14,"column":14}},"3":{"start":{"line":19,"column":4},"end":{"line":56,"column":9}},"4":{"start":{"line":21,"column":8},"end":{"line":21,"column":19}},"5":{"start":{"line":23,"column":8},"end":{"line":35,"column":13}},"6":{"start":{"line":24,"column":12},"end":{"line":34,"column":13}},"7":{"start":{"line":25,"column":16},"end":{"line":28,"column":30}},"8":{"start":{"line":30,"column":16},"end":{"line":33,"column":27}},"9":{"start":{"line":37,"column":8},"end":{"line":39,"column":21}},"10":{"start":{"line":40,"column":8},"end":{"line":53,"column":9}},"11":{"start":{"line":43,"column":12},"end":{"line":46,"column":14}},"12":{"start":{"line":47,"column":12},"end":{"line":47,"column":18}},"13":{"start":{"line":50,"column":12},"end":{"line":51,"column":46}},"14":{"start":{"line":52,"column":12},"end":{"line":52,"column":18}},"15":{"start":{"line":55,"column":8},"end":{"line":55,"column":35}},"16":{"start":{"line":61,"column":4},"end":{"line":63,"column":9}},"17":{"start":{"line":62,"column":8},"end":{"line":62,"column":15}},"18":{"start":{"line":64,"column":4},"end":{"line":77,"column":5}},"19":{"start":{"line":70,"column":8},"end":{"line":70,"column":14}},"20":{"start":{"line":76,"column":8},"end":{"line":76,"column":14}},"21":{"start":{"line":82,"column":4},"end":{"line":84,"column":9}},"22":{"start":{"line":83,"column":8},"end":{"line":83,"column":15}},"23":{"start":{"line":85,"column":4},"end":{"line":184,"column":5}},"24":{"start":{"line":92,"column":8},"end":{"line":94,"column":63}},"25":{"start":{"line":95,"column":8},"end":{"line":95,"column":14}},"26":{"start":{"line":102,"column":8},"end":{"line":111,"column":10},"skip":true},"27":{"start":{"line":109,"column":12},"end":{"line":109,"column":55},"skip":true},"28":{"start":{"line":110,"column":12},"end":{"line":110,"column":48},"skip":true},"29":{"start":{"line":113,"column":8},"end":{"line":126,"column":10},"skip":true},"30":{"start":{"line":120,"column":12},"end":{"line":120,"column":76},"skip":true},"31":{"start":{"line":121,"column":12},"end":{"line":121,"column":73},"skip":true},"32":{"start":{"line":122,"column":12},"end":{"line":122,"column":74},"skip":true},"33":{"start":{"line":123,"column":12},"end":{"line":123,"column":79},"skip":true},"34":{"start":{"line":124,"column":12},"end":{"line":124,"column":25},"skip":true},"35":{"start":{"line":125,"column":12},"end":{"line":125,"column":45},"skip":true},"36":{"start":{"line":128,"column":8},"end":{"line":135,"column":14},"skip":true},"37":{"start":{"line":133,"column":16},"end":{"line":133,"column":29},"skip":true},"38":{"start":{"line":134,"column":16},"end":{"line":134,"column":55},"skip":true},"39":{"start":{"line":137,"column":8},"end":{"line":146,"column":10},"skip":true},"40":{"start":{"line":144,"column":12},"end":{"line":144,"column":25},"skip":true},"41":{"start":{"line":145,"column":12},"end":{"line":145,"column":45},"skip":true},"42":{"start":{"line":148,"column":8},"end":{"line":157,"column":10},"skip":true},"43":{"start":{"line":155,"column":12},"end":{"line":155,"column":25},"skip":true},"44":{"start":{"line":156,"column":12},"end":{"line":156,"column":48},"skip":true},"45":{"start":{"line":159,"column":8},"end":{"line":168,"column":10},"skip":true},"46":{"start":{"line":166,"column":12},"end":{"line":166,"column":25},"skip":true},"47":{"start":{"line":167,"column":12},"end":{"line":167,"column":46},"skip":true},"48":{"start":{"line":170,"column":8},"end":{"line":179,"column":10},"skip":true},"49":{"start":{"line":177,"column":12},"end":{"line":177,"column":94},"skip":true},"50":{"start":{"line":178,"column":12},"end":{"line":178,"column":48},"skip":true},"51":{"start":{"line":182,"column":8},"end":{"line":182,"column":35},"skip":true},"52":{"start":{"line":183,"column":8},"end":{"line":183,"column":14},"skip":true}},"branchMap":{"1":{"line":25,"type":"binary-expr","locations":[{"start":{"line":25,"column":23},"end":{"line":25,"column":62}},{"start":{"line":26,"column":20},"end":{"line":26,"column":70}},{"start":{"line":27,"column":20},"end":{"line":27,"column":71}},{"start":{"line":28,"column":20},"end":{"line":28,"column":29}}]},"2":{"line":30,"type":"binary-expr","locations":[{"start":{"line":30,"column":23},"end":{"line":30,"column":37}},{"start":{"line":31,"column":20},"end":{"line":31,"column":61}},{"start":{"line":32,"column":20},"end":{"line":32,"column":70}},{"start":{"line":33,"column":20},"end":{"line":33,"column":26}}]},"3":{"line":37,"type":"cond-expr","locations":[{"start":{"line":38,"column":14},"end":{"line":38,"column":20}},{"start":{"line":39,"column":14},"end":{"line":39,"column":20}}]},"4":{"line":40,"type":"switch","locations":[{"start":{"line":42,"column":8},"end":{"line":47,"column":18}},{"start":{"line":49,"column":8},"end":{"line":52,"column":18}}]},"5":{"line":44,"type":"binary-expr","locations":[{"start":{"line":44,"column":16},"end":{"line":44,"column":44}},{"start":{"line":44,"column":48},"end":{"line":44,"column":66}}]},"6":{"line":50,"type":"binary-expr","locations":[{"start":{"line":50,"column":21},"end":{"line":50,"column":49}},{"start":{"line":50,"column":53},"end":{"line":50,"column":72}}]},"7":{"line":64,"type":"switch","locations":[{"start":{"line":69,"column":4},"end":{"line":70,"column":14}},{"start":{"line":75,"column":4},"end":{"line":76,"column":14}}]},"8":{"line":85,"type":"switch","locations":[{"start":{"line":90,"column":4},"end":{"line":95,"column":14}},{"start":{"line":101,"column":4},"end":{"line":183,"column":14},"skip":true}]},"9":{"line":92,"type":"binary-expr","locations":[{"start":{"line":92,"column":18},"end":{"line":92,"column":32}},{"start":{"line":93,"column":12},"end":{"line":93,"column":53}},{"start":{"line":94,"column":12},"end":{"line":94,"column":61}}]},"10":{"line":102,"type":"binary-expr","locations":[{"start":{"line":102,"column":45},"end":{"line":102,"column":79},"skip":true},{"start":{"line":102,"column":83},"end":{"line":111,"column":9},"skip":true}]},"11":{"line":113,"type":"binary-expr","locations":[{"start":{"line":113,"column":42},"end":{"line":113,"column":73},"skip":true},{"start":{"line":113,"column":77},"end":{"line":126,"column":9},"skip":true}]},"12":{"line":128,"type":"binary-expr","locations":[{"start":{"line":128,"column":48},"end":{"line":128,"column":85},"skip":true},{"start":{"line":129,"column":12},"end":{"line":135,"column":13},"skip":true}]},"13":{"line":137,"type":"binary-expr","locations":[{"start":{"line":137,"column":42},"end":{"line":137,"column":73},"skip":true},{"start":{"line":137,"column":77},"end":{"line":146,"column":9},"skip":true}]},"14":{"line":148,"type":"binary-expr","locations":[{"start":{"line":148,"column":45},"end":{"line":148,"column":79},"skip":true},{"start":{"line":148,"column":83},"end":{"line":157,"column":9},"skip":true}]},"15":{"line":159,"type":"binary-expr","locations":[{"start":{"line":159,"column":43},"end":{"line":159,"column":75},"skip":true},{"start":{"line":159,"column":79},"end":{"line":168,"column":9},"skip":true}]},"16":{"line":170,"type":"binary-expr","locations":[{"start":{"line":170,"column":41},"end":{"line":170,"column":71},"skip":true},{"start":{"line":170,"column":75},"end":{"line":179,"column":9},"skip":true}]}},"code":["/* istanbul instrument in package npmtest_express_validator */","/*jslint","    bitwise: true,","    browser: true,","    maxerr: 8,","    maxlen: 96,","    node: true,","    nomen: true,","    regexp: true,","    stupid: true","*/","(function () {","    'use strict';","    var local;","","","","    // run shared js-env code - pre-init","    (function () {","        // init local","        local = {};","        // init modeJs","        local.modeJs = (function () {","            try {","                return typeof navigator.userAgent === 'string' &&","                    typeof document.querySelector('body') === 'object' &&","                    typeof XMLHttpRequest.prototype.open === 'function' &&","                    'browser';","            } catch (errorCaughtBrowser) {","                return module.exports &&","                    typeof process.versions.node === 'string' &&","                    typeof require('http').createServer === 'function' &&","                    'node';","            }","        }());","        // init global","        local.global = local.modeJs === 'browser'","            ? window","            : global;","        switch (local.modeJs) {","        // re-init local from window.local","        case 'browser':","            local = local.global.utility2.objectSetDefault(","                local.global.utility2_rollup || local.global.local,","                local.global.utility2","            );","            break;","        // re-init local from example.js","        case 'node':","            local = (local.global.utility2_rollup || require('utility2'))","                .requireExampleJsFromReadme();","            break;","        }","        // export local","        local.global.local = local;","    }());","","","","    // run shared js-env code - function","    (function () {","        return;","    }());","    switch (local.modeJs) {","","","","    // run browser js-env code - function","    case 'browser':","        break;","","","","    // run node js-env code - function","    case 'node':","        break;","    }","","","","    // run shared js-env code - post-init","    (function () {","        return;","    }());","    switch (local.modeJs) {","","","","    // run browser js-env code - post-init","    case 'browser':","        // run tests","        local.nop(local.modeTest &&","            document.querySelector('#testRunButton1') &&","            document.querySelector('#testRunButton1').click());","        break;","","","","    // run node js-env code - post-init","    /* istanbul ignore next */","    case 'node':","        local.testCase_buildApidoc_default = local.testCase_buildApidoc_default || function (","            options,","            onError","        ) {","        /*","         * this function will test buildApidoc's default handling-behavior-behavior","         */","            options = { modulePathList: module.paths };","            local.buildApidoc(options, onError);","        };","","        local.testCase_buildApp_default = local.testCase_buildApp_default || function (","            options,","            onError","        ) {","        /*","         * this function will test buildApp's default handling-behavior-behavior","         */","            local.testCase_buildReadme_default(options, local.onErrorThrow);","            local.testCase_buildLib_default(options, local.onErrorThrow);","            local.testCase_buildTest_default(options, local.onErrorThrow);","            local.testCase_buildCustomOrg_default(options, local.onErrorThrow);","            options = [];","            local.buildApp(options, onError);","        };","","        local.testCase_buildCustomOrg_default = local.testCase_buildCustomOrg_default ||","            function (options, onError) {","            /*","             * this function will test buildCustomOrg's default handling-behavior","             */","                options = {};","                local.buildCustomOrg(options, onError);","            };","","        local.testCase_buildLib_default = local.testCase_buildLib_default || function (","            options,","            onError","        ) {","        /*","         * this function will test buildLib's default handling-behavior","         */","            options = {};","            local.buildLib(options, onError);","        };","","        local.testCase_buildReadme_default = local.testCase_buildReadme_default || function (","            options,","            onError","        ) {","        /*","         * this function will test buildReadme's default handling-behavior-behavior","         */","            options = {};","            local.buildReadme(options, onError);","        };","","        local.testCase_buildTest_default = local.testCase_buildTest_default || function (","            options,","            onError","        ) {","        /*","         * this function will test buildTest's default handling-behavior","         */","            options = {};","            local.buildTest(options, onError);","        };","","        local.testCase_webpage_default = local.testCase_webpage_default || function (","            options,","            onError","        ) {","        /*","         * this function will test webpage's default handling-behavior","         */","            options = { modeCoverageMerge: true, url: local.serverLocalHost + '?modeTest=1' };","            local.browserTest(options, onError);","        };","","        // run test-server","        local.testRunServer(local);","        break;","    }","}());",""],"l":{"12":2,"14":2,"19":2,"21":2,"23":2,"24":2,"25":2,"30":1,"37":2,"40":2,"43":1,"47":1,"50":1,"52":1,"55":2,"61":2,"62":2,"64":2,"70":1,"76":1,"82":2,"83":2,"85":2,"92":1,"95":1,"102":1,"109":1,"110":1,"113":1,"120":1,"121":1,"122":1,"123":1,"124":1,"125":1,"128":1,"133":2,"134":2,"137":1,"144":2,"145":2,"148":1,"155":2,"156":2,"159":1,"166":2,"167":2,"170":1,"177":1,"178":1,"182":1,"183":1}},"/home/travis/build/npmtest/node-npmtest-express-validator/lib.npmtest_express_validator.js":{"path":"/home/travis/build/npmtest/node-npmtest-express-validator/lib.npmtest_express_validator.js","s":{"1":2,"2":2,"3":2,"4":2,"5":2,"6":2,"7":2,"8":1,"9":2,"10":2,"11":2,"12":2,"13":1,"14":1,"15":1,"16":1},"b":{"1":[2,1,1,1],"2":[1,1,1,1],"3":[1,1],"4":[2,2],"5":[1,1]},"f":{"1":2,"2":2,"3":2},"fnMap":{"1":{"name":"(anonymous_1)","line":12,"loc":{"start":{"line":12,"column":1},"end":{"line":12,"column":13}}},"2":{"name":"(anonymous_2)","line":19,"loc":{"start":{"line":19,"column":5},"end":{"line":19,"column":17}}},"3":{"name":"(anonymous_3)","line":23,"loc":{"start":{"line":23,"column":24},"end":{"line":23,"column":36}}}},"statementMap":{"1":{"start":{"line":12,"column":0},"end":{"line":53,"column":5}},"2":{"start":{"line":14,"column":4},"end":{"line":14,"column":14}},"3":{"start":{"line":19,"column":4},"end":{"line":52,"column":9}},"4":{"start":{"line":21,"column":8},"end":{"line":21,"column":19}},"5":{"start":{"line":23,"column":8},"end":{"line":35,"column":13}},"6":{"start":{"line":24,"column":12},"end":{"line":34,"column":13}},"7":{"start":{"line":25,"column":16},"end":{"line":28,"column":30}},"8":{"start":{"line":30,"column":16},"end":{"line":33,"column":27}},"9":{"start":{"line":37,"column":8},"end":{"line":39,"column":21}},"10":{"start":{"line":41,"column":8},"end":{"line":41,"column":54}},"11":{"start":{"line":43,"column":8},"end":{"line":43,"column":62}},"12":{"start":{"line":45,"column":8},"end":{"line":51,"column":9}},"13":{"start":{"line":46,"column":12},"end":{"line":46,"column":68}},"14":{"start":{"line":48,"column":12},"end":{"line":48,"column":35}},"15":{"start":{"line":49,"column":12},"end":{"line":49,"column":49}},"16":{"start":{"line":50,"column":12},"end":{"line":50,"column":43}}},"branchMap":{"1":{"line":25,"type":"binary-expr","locations":[{"start":{"line":25,"column":23},"end":{"line":25,"column":62}},{"start":{"line":26,"column":20},"end":{"line":26,"column":70}},{"start":{"line":27,"column":20},"end":{"line":27,"column":71}},{"start":{"line":28,"column":20},"end":{"line":28,"column":29}}]},"2":{"line":30,"type":"binary-expr","locations":[{"start":{"line":30,"column":23},"end":{"line":30,"column":37}},{"start":{"line":31,"column":20},"end":{"line":31,"column":61}},{"start":{"line":32,"column":20},"end":{"line":32,"column":70}},{"start":{"line":33,"column":20},"end":{"line":33,"column":26}}]},"3":{"line":37,"type":"cond-expr","locations":[{"start":{"line":38,"column":14},"end":{"line":38,"column":20}},{"start":{"line":39,"column":14},"end":{"line":39,"column":20}}]},"4":{"line":41,"type":"binary-expr","locations":[{"start":{"line":41,"column":16},"end":{"line":41,"column":44}},{"start":{"line":41,"column":48},"end":{"line":41,"column":53}}]},"5":{"line":45,"type":"if","locations":[{"start":{"line":45,"column":8},"end":{"line":45,"column":8}},{"start":{"line":45,"column":8},"end":{"line":45,"column":8}}]}},"code":["/* istanbul instrument in package npmtest_express_validator */","/*jslint","    bitwise: true,","    browser: true,","    maxerr: 8,","    maxlen: 96,","    node: true,","    nomen: true,","    regexp: true,","    stupid: true","*/","(function () {","    'use strict';","    var local;","","","","    // run shared js-env code - pre-init","    (function () {","        // init local","        local = {};","        // init modeJs","        local.modeJs = (function () {","            try {","                return typeof navigator.userAgent === 'string' &&","                    typeof document.querySelector('body') === 'object' &&","                    typeof XMLHttpRequest.prototype.open === 'function' &&","                    'browser';","            } catch (errorCaughtBrowser) {","                return module.exports &&","                    typeof process.versions.node === 'string' &&","                    typeof require('http').createServer === 'function' &&","                    'node';","            }","        }());","        // init global","        local.global = local.modeJs === 'browser'","            ? window","            : global;","        // init utility2_rollup","        local = local.global.utility2_rollup || local;","        // init lib","        local.local = local.npmtest_express_validator = local;","        // init exports","        if (local.modeJs === 'browser') {","            local.global.utility2_npmtest_express_validator = local;","        } else {","            module.exports = local;","            module.exports.__dirname = __dirname;","            module.exports.module = module;","        }","    }());","}());",""],"l":{"12":2,"14":2,"19":2,"21":2,"23":2,"24":2,"25":2,"30":1,"37":2,"41":2,"43":2,"45":2,"46":1,"48":1,"49":1,"50":1}},"/home/travis/build/npmtest/node-npmtest-express-validator/example.js":{"path":"/home/travis/build/npmtest/node-npmtest-express-validator/example.js","s":{"1":2,"2":2,"3":2,"4":2,"5":2,"6":2,"7":2,"8":1,"9":2,"10":2,"11":2,"12":2,"13":1,"14":2,"15":2,"16":2,"17":2,"18":2,"19":0,"20":2,"21":1,"22":1,"23":1,"24":1,"25":1,"26":0,"27":0,"28":1,"29":1,"30":2,"31":0,"32":0,"33":0,"34":1,"35":2,"36":2,"37":2,"38":2,"39":2,"40":2,"41":0,"42":2,"43":2,"44":2,"45":1,"46":3,"47":1,"48":1,"49":1,"50":1,"51":1,"52":1,"53":1,"54":1,"55":1,"56":1,"57":0,"58":1,"59":6,"60":6,"61":1,"62":2,"63":0,"64":2,"65":1,"66":1,"67":0,"68":0,"69":0,"70":0,"71":0,"72":0,"73":0,"74":0,"75":0,"76":0,"77":0,"78":0,"79":0,"80":0,"81":0,"82":0,"83":0},"b":{"1":[2,1,1,1],"2":[1,1,1,1],"3":[1,1],"4":[2,2],"5":[1,1],"6":[1,1],"7":[2,0],"8":[2,1,1,1,1,1],"9":[0,2,0],"10":[1,1],"11":[2,1,1],"12":[1,0],"13":[0,2],"14":[2,0,0,0,0,0,0],"15":[0,2],"16":[2,0],"17":[1,1],"18":[0,1],"19":[1,2,0,2],"20":[1,0],"21":[1,1],"22":[0,0],"23":[0,0],"24":[0,0],"25":[0,0],"26":[0,0],"27":[0,0],"28":[0,0]},"f":{"1":2,"2":2,"3":2,"4":2,"5":2,"6":2,"7":2,"8":2,"9":3,"10":1,"11":6,"12":0},"fnMap":{"1":{"name":"(anonymous_1)","line":26,"loc":{"start":{"line":26,"column":1},"end":{"line":26,"column":13}}},"2":{"name":"(anonymous_2)","line":33,"loc":{"start":{"line":33,"column":5},"end":{"line":33,"column":17}}},"3":{"name":"(anonymous_3)","line":37,"loc":{"start":{"line":37,"column":24},"end":{"line":37,"column":36}}},"4":{"name":"(anonymous_4)","line":69,"loc":{"start":{"line":69,"column":31},"end":{"line":69,"column":48}},"skip":true},"5":{"name":"(anonymous_5)","line":78,"loc":{"start":{"line":78,"column":26},"end":{"line":78,"column":45}},"skip":true},"6":{"name":"(anonymous_6)","line":123,"loc":{"start":{"line":123,"column":33},"end":{"line":123,"column":48}},"skip":true},"7":{"name":"(anonymous_7)","line":125,"loc":{"start":{"line":125,"column":27},"end":{"line":125,"column":39}},"skip":true},"8":{"name":"(anonymous_8)","line":133,"loc":{"start":{"line":133,"column":59},"end":{"line":133,"column":74}},"skip":true},"9":{"name":"(anonymous_9)","line":143,"loc":{"start":{"line":143,"column":45},"end":{"line":143,"column":62}},"skip":true},"10":{"name":"(anonymous_10)","line":144,"loc":{"start":{"line":144,"column":73},"end":{"line":144,"column":92}},"skip":true},"11":{"name":"(anonymous_11)","line":272,"loc":{"start":{"line":272,"column":51},"end":{"line":272,"column":77}},"skip":true},"12":{"name":"(anonymous_12)","line":314,"loc":{"start":{"line":314,"column":32},"end":{"line":314,"column":61}},"skip":true}},"statementMap":{"1":{"start":{"line":26,"column":0},"end":{"line":325,"column":5}},"2":{"start":{"line":28,"column":4},"end":{"line":28,"column":14}},"3":{"start":{"line":33,"column":4},"end":{"line":60,"column":9}},"4":{"start":{"line":35,"column":8},"end":{"line":35,"column":19}},"5":{"start":{"line":37,"column":8},"end":{"line":49,"column":13}},"6":{"start":{"line":38,"column":12},"end":{"line":48,"column":13}},"7":{"start":{"line":39,"column":16},"end":{"line":42,"column":30}},"8":{"start":{"line":44,"column":16},"end":{"line":47,"column":27}},"9":{"start":{"line":51,"column":8},"end":{"line":53,"column":21}},"10":{"start":{"line":55,"column":8},"end":{"line":57,"column":45}},"11":{"start":{"line":59,"column":8},"end":{"line":59,"column":35}},"12":{"start":{"line":61,"column":4},"end":{"line":324,"column":5}},"13":{"start":{"line":69,"column":8},"end":{"line":121,"column":10},"skip":true},"14":{"start":{"line":70,"column":12},"end":{"line":88,"column":13},"skip":true},"15":{"start":{"line":76,"column":16},"end":{"line":87,"column":19},"skip":true},"16":{"start":{"line":79,"column":20},"end":{"line":86,"column":21},"skip":true},"17":{"start":{"line":82,"column":24},"end":{"line":82,"column":43},"skip":true},"18":{"start":{"line":83,"column":24},"end":{"line":83,"column":30},"skip":true},"19":{"start":{"line":85,"column":24},"end":{"line":85,"column":49},"skip":true},"20":{"start":{"line":89,"column":12},"end":{"line":107,"column":13},"skip":true},"21":{"start":{"line":92,"column":16},"end":{"line":102,"column":17},"skip":true},"22":{"start":{"line":93,"column":20},"end":{"line":93,"column":86},"skip":true},"23":{"start":{"line":94,"column":20},"end":{"line":95,"column":45},"skip":true},"24":{"start":{"line":96,"column":20},"end":{"line":96,"column":42},"skip":true},"25":{"start":{"line":97,"column":20},"end":{"line":97,"column":48},"skip":true},"26":{"start":{"line":100,"column":20},"end":{"line":100,"column":85},"skip":true},"27":{"start":{"line":101,"column":20},"end":{"line":101,"column":96},"skip":true},"28":{"start":{"line":103,"column":16},"end":{"line":103,"column":22},"skip":true},"29":{"start":{"line":106,"column":16},"end":{"line":106,"column":22},"skip":true},"30":{"start":{"line":108,"column":12},"end":{"line":120,"column":13},"skip":true},"31":{"start":{"line":114,"column":16},"end":{"line":119,"column":17},"skip":true},"32":{"start":{"line":116,"column":20},"end":{"line":116,"column":78},"skip":true},"33":{"start":{"line":118,"column":20},"end":{"line":118,"column":47},"skip":true},"34":{"start":{"line":123,"column":8},"end":{"line":141,"column":11},"skip":true},"35":{"start":{"line":124,"column":12},"end":{"line":124,"column":54},"skip":true},"36":{"start":{"line":125,"column":12},"end":{"line":140,"column":14},"skip":true},"37":{"start":{"line":126,"column":16},"end":{"line":126,"column":28},"skip":true},"38":{"start":{"line":127,"column":16},"end":{"line":127,"column":69},"skip":true},"39":{"start":{"line":128,"column":16},"end":{"line":128,"column":75},"skip":true},"40":{"start":{"line":129,"column":16},"end":{"line":131,"column":17},"skip":true},"41":{"start":{"line":130,"column":20},"end":{"line":130,"column":27},"skip":true},"42":{"start":{"line":133,"column":16},"end":{"line":137,"column":36},"skip":true},"43":{"start":{"line":134,"column":20},"end":{"line":136,"column":55},"skip":true},"44":{"start":{"line":139,"column":16},"end":{"line":139,"column":57},"skip":true},"45":{"start":{"line":143,"column":8},"end":{"line":147,"column":11},"skip":true},"46":{"start":{"line":144,"column":12},"end":{"line":146,"column":15},"skip":true},"47":{"start":{"line":145,"column":16},"end":{"line":145,"column":70},"skip":true},"48":{"start":{"line":149,"column":8},"end":{"line":149,"column":31},"skip":true},"49":{"start":{"line":150,"column":8},"end":{"line":150,"column":14},"skip":true},"50":{"start":{"line":158,"column":8},"end":{"line":158,"column":31},"skip":true},"51":{"start":{"line":160,"column":8},"end":{"line":160,"column":33},"skip":true},"52":{"start":{"line":161,"column":8},"end":{"line":161,"column":37},"skip":true},"53":{"start":{"line":162,"column":8},"end":{"line":162,"column":35},"skip":true},"54":{"start":{"line":164,"column":8},"end":{"line":164,"column":50},"skip":true},"55":{"start":{"line":166,"column":8},"end":{"line":256,"column":2},"skip":true},"56":{"start":{"line":258,"column":8},"end":{"line":286,"column":9},"skip":true},"57":{"start":{"line":259,"column":12},"end":{"line":269,"column":14},"skip":true},"58":{"start":{"line":271,"column":12},"end":{"line":285,"column":19},"skip":true},"59":{"start":{"line":274,"column":20},"end":{"line":274,"column":35},"skip":true},"60":{"start":{"line":275,"column":20},"end":{"line":284,"column":21},"skip":true},"61":{"start":{"line":277,"column":24},"end":{"line":277,"column":64},"skip":true},"62":{"start":{"line":279,"column":24},"end":{"line":279,"column":40},"skip":true},"63":{"start":{"line":281,"column":24},"end":{"line":281,"column":40},"skip":true},"64":{"start":{"line":283,"column":24},"end":{"line":283,"column":39},"skip":true},"65":{"start":{"line":288,"column":8},"end":{"line":290,"column":9},"skip":true},"66":{"start":{"line":289,"column":12},"end":{"line":289,"column":18},"skip":true},"67":{"start":{"line":291,"column":8},"end":{"line":293,"column":54},"skip":true},"68":{"start":{"line":294,"column":8},"end":{"line":301,"column":37},"skip":true},"69":{"start":{"line":302,"column":8},"end":{"line":302,"column":82},"skip":true},"70":{"start":{"line":305,"column":8},"end":{"line":307,"column":9},"skip":true},"71":{"start":{"line":306,"column":12},"end":{"line":306,"column":82},"skip":true},"72":{"start":{"line":309,"column":8},"end":{"line":311,"column":9},"skip":true},"73":{"start":{"line":310,"column":12},"end":{"line":310,"column":18},"skip":true},"74":{"start":{"line":312,"column":8},"end":{"line":312,"column":54},"skip":true},"75":{"start":{"line":313,"column":8},"end":{"line":313,"column":69},"skip":true},"76":{"start":{"line":314,"column":8},"end":{"line":322,"column":36},"skip":true},"77":{"start":{"line":315,"column":12},"end":{"line":315,"column":61},"skip":true},"78":{"start":{"line":316,"column":12},"end":{"line":319,"column":13},"skip":true},"79":{"start":{"line":317,"column":16},"end":{"line":317,"column":75},"skip":true},"80":{"start":{"line":318,"column":16},"end":{"line":318,"column":23},"skip":true},"81":{"start":{"line":320,"column":12},"end":{"line":320,"column":38},"skip":true},"82":{"start":{"line":321,"column":12},"end":{"line":321,"column":27},"skip":true},"83":{"start":{"line":323,"column":8},"end":{"line":323,"column":14},"skip":true}},"branchMap":{"1":{"line":39,"type":"binary-expr","locations":[{"start":{"line":39,"column":23},"end":{"line":39,"column":62}},{"start":{"line":40,"column":20},"end":{"line":40,"column":70}},{"start":{"line":41,"column":20},"end":{"line":41,"column":71}},{"start":{"line":42,"column":20},"end":{"line":42,"column":29}}]},"2":{"line":44,"type":"binary-expr","locations":[{"start":{"line":44,"column":23},"end":{"line":44,"column":37}},{"start":{"line":45,"column":20},"end":{"line":45,"column":61}},{"start":{"line":46,"column":20},"end":{"line":46,"column":70}},{"start":{"line":47,"column":20},"end":{"line":47,"column":26}}]},"3":{"line":51,"type":"cond-expr","locations":[{"start":{"line":52,"column":14},"end":{"line":52,"column":20}},{"start":{"line":53,"column":14},"end":{"line":53,"column":20}}]},"4":{"line":55,"type":"binary-expr","locations":[{"start":{"line":55,"column":16},"end":{"line":55,"column":44}},{"start":{"line":55,"column":49},"end":{"line":57,"column":43}}]},"5":{"line":55,"type":"cond-expr","locations":[{"start":{"line":56,"column":14},"end":{"line":56,"column":61}},{"start":{"line":57,"column":14},"end":{"line":57,"column":43}}]},"6":{"line":61,"type":"switch","locations":[{"start":{"line":68,"column":4},"end":{"line":150,"column":14},"skip":true},{"start":{"line":156,"column":4},"end":{"line":323,"column":14},"skip":true}]},"7":{"line":70,"type":"if","locations":[{"start":{"line":70,"column":12},"end":{"line":70,"column":12},"skip":true},{"start":{"line":70,"column":12},"end":{"line":70,"column":12},"skip":true}]},"8":{"line":70,"type":"binary-expr","locations":[{"start":{"line":70,"column":16},"end":{"line":70,"column":22},"skip":true},{"start":{"line":70,"column":27},"end":{"line":70,"column":32},"skip":true},{"start":{"line":71,"column":20},"end":{"line":71,"column":39},"skip":true},{"start":{"line":72,"column":20},"end":{"line":72,"column":49},"skip":true},{"start":{"line":73,"column":20},"end":{"line":73,"column":58},"skip":true},{"start":{"line":74,"column":20},"end":{"line":74,"column":69},"skip":true}]},"9":{"line":79,"type":"switch","locations":[{"start":{"line":80,"column":20},"end":{"line":80,"column":33},"skip":true},{"start":{"line":81,"column":20},"end":{"line":83,"column":30},"skip":true},{"start":{"line":84,"column":20},"end":{"line":85,"column":49},"skip":true}]},"10":{"line":89,"type":"switch","locations":[{"start":{"line":90,"column":12},"end":{"line":103,"column":22},"skip":true},{"start":{"line":105,"column":12},"end":{"line":106,"column":22},"skip":true}]},"11":{"line":89,"type":"binary-expr","locations":[{"start":{"line":89,"column":20},"end":{"line":89,"column":25},"skip":true},{"start":{"line":89,"column":29},"end":{"line":89,"column":48},"skip":true},{"start":{"line":89,"column":52},"end":{"line":89,"column":74},"skip":true}]},"12":{"line":92,"type":"if","locations":[{"start":{"line":92,"column":16},"end":{"line":92,"column":16},"skip":true},{"start":{"line":92,"column":16},"end":{"line":92,"column":16},"skip":true}]},"13":{"line":108,"type":"if","locations":[{"start":{"line":108,"column":12},"end":{"line":108,"column":12},"skip":true},{"start":{"line":108,"column":12},"end":{"line":108,"column":12},"skip":true}]},"14":{"line":108,"type":"binary-expr","locations":[{"start":{"line":108,"column":16},"end":{"line":108,"column":61},"skip":true},{"start":{"line":108,"column":66},"end":{"line":108,"column":72},"skip":true},{"start":{"line":108,"column":77},"end":{"line":108,"column":82},"skip":true},{"start":{"line":109,"column":20},"end":{"line":109,"column":39},"skip":true},{"start":{"line":110,"column":20},"end":{"line":110,"column":49},"skip":true},{"start":{"line":111,"column":20},"end":{"line":111,"column":58},"skip":true},{"start":{"line":112,"column":20},"end":{"line":112,"column":68},"skip":true}]},"15":{"line":129,"type":"if","locations":[{"start":{"line":129,"column":16},"end":{"line":129,"column":16},"skip":true},{"start":{"line":129,"column":16},"end":{"line":129,"column":16},"skip":true}]},"16":{"line":134,"type":"cond-expr","locations":[{"start":{"line":135,"column":26},"end":{"line":135,"column":29},"skip":true},{"start":{"line":136,"column":26},"end":{"line":136,"column":54},"skip":true}]},"17":{"line":164,"type":"binary-expr","locations":[{"start":{"line":164,"column":27},"end":{"line":164,"column":43},"skip":true},{"start":{"line":164,"column":47},"end":{"line":164,"column":49},"skip":true}]},"18":{"line":258,"type":"if","locations":[{"start":{"line":258,"column":8},"end":{"line":258,"column":8},"skip":true},{"start":{"line":258,"column":8},"end":{"line":258,"column":8},"skip":true}]},"19":{"line":275,"type":"switch","locations":[{"start":{"line":276,"column":20},"end":{"line":277,"column":64},"skip":true},{"start":{"line":278,"column":20},"end":{"line":279,"column":40},"skip":true},{"start":{"line":280,"column":20},"end":{"line":281,"column":40},"skip":true},{"start":{"line":282,"column":20},"end":{"line":283,"column":39},"skip":true}]},"20":{"line":288,"type":"if","locations":[{"start":{"line":288,"column":8},"end":{"line":288,"column":8},"skip":true},{"start":{"line":288,"column":8},"end":{"line":288,"column":8},"skip":true}]},"21":{"line":288,"type":"binary-expr","locations":[{"start":{"line":288,"column":12},"end":{"line":288,"column":40},"skip":true},{"start":{"line":288,"column":44},"end":{"line":288,"column":67},"skip":true}]},"22":{"line":292,"type":"binary-expr","locations":[{"start":{"line":292,"column":12},"end":{"line":292,"column":50},"skip":true},{"start":{"line":293,"column":12},"end":{"line":293,"column":53},"skip":true}]},"23":{"line":295,"type":"binary-expr","locations":[{"start":{"line":295,"column":12},"end":{"line":295,"column":75},"skip":true},{"start":{"line":296,"column":12},"end":{"line":301,"column":36},"skip":true}]},"24":{"line":302,"type":"binary-expr","locations":[{"start":{"line":302,"column":43},"end":{"line":302,"column":75},"skip":true},{"start":{"line":302,"column":79},"end":{"line":302,"column":81},"skip":true}]},"25":{"line":305,"type":"if","locations":[{"start":{"line":305,"column":8},"end":{"line":305,"column":8},"skip":true},{"start":{"line":305,"column":8},"end":{"line":305,"column":8},"skip":true}]},"26":{"line":309,"type":"if","locations":[{"start":{"line":309,"column":8},"end":{"line":309,"column":8},"skip":true},{"start":{"line":309,"column":8},"end":{"line":309,"column":8},"skip":true}]},"27":{"line":312,"type":"binary-expr","locations":[{"start":{"line":312,"column":27},"end":{"line":312,"column":43},"skip":true},{"start":{"line":312,"column":47},"end":{"line":312,"column":53},"skip":true}]},"28":{"line":316,"type":"if","locations":[{"start":{"line":316,"column":12},"end":{"line":316,"column":12},"skip":true},{"start":{"line":316,"column":12},"end":{"line":316,"column":12},"skip":true}]}},"code":["/*","example.js","","quickstart example","","instruction","    1. save this script as example.js","    2. run the shell command:","        $ npm install npmtest-express-validator && PORT=8081 node example.js","    3. play with the browser-demo on http://127.0.0.1:8081","*/","","","","/* istanbul instrument in package npmtest_express_validator */","/*jslint","    bitwise: true,","    browser: true,","    maxerr: 8,","    maxlen: 96,","    node: true,","    nomen: true,","    regexp: true,","    stupid: true","*/","(function () {","    'use strict';","    var local;","","","","    // run shared js-env code - pre-init","    (function () {","        // init local","        local = {};","        // init modeJs","        local.modeJs = (function () {","            try {","                return typeof navigator.userAgent === 'string' &&","                    typeof document.querySelector('body') === 'object' &&","                    typeof XMLHttpRequest.prototype.open === 'function' &&","                    'browser';","            } catch (errorCaughtBrowser) {","                return module.exports &&","                    typeof process.versions.node === 'string' &&","                    typeof require('http').createServer === 'function' &&","                    'node';","            }","        }());","        // init global","        local.global = local.modeJs === 'browser'","            ? window","            : global;","        // init utility2_rollup","        local = local.global.utility2_rollup || (local.modeJs === 'browser'","            ? local.global.utility2_npmtest_express_validator","            : global.utility2_moduleExports);","        // export local","        local.global.local = local;","    }());","    switch (local.modeJs) {","","","","    // post-init","    // run browser js-env code - post-init","    /* istanbul ignore next */","    case 'browser':","        local.testRunBrowser = function (event) {","            if (!event || (event &&","                    event.currentTarget &&","                    event.currentTarget.className &&","                    event.currentTarget.className.includes &&","                    event.currentTarget.className.includes('onreset'))) {","                // reset output","                Array.from(","                    document.querySelectorAll('body > .resettable')","                ).forEach(function (element) {","                    switch (element.tagName) {","                    case 'INPUT':","                    case 'TEXTAREA':","                        element.value = '';","                        break;","                    default:","                        element.textContent = '';","                    }","                });","            }","            switch (event && event.currentTarget && event.currentTarget.id) {","            case 'testRunButton1':","                // show tests","                if (document.querySelector('#testReportDiv1').style.display === 'none') {","                    document.querySelector('#testReportDiv1').style.display = 'block';","                    document.querySelector('#testRunButton1').textContent =","                        'hide internal test';","                    local.modeTest = true;","                    local.testRunDefault(local);","                // hide tests","                } else {","                    document.querySelector('#testReportDiv1').style.display = 'none';","                    document.querySelector('#testRunButton1').textContent = 'run internal test';","                }","                break;","            // custom-case","            default:","                break;","            }","            if (document.querySelector('#inputTextareaEval1') && (!event || (event &&","                    event.currentTarget &&","                    event.currentTarget.className &&","                    event.currentTarget.className.includes &&","                    event.currentTarget.className.includes('oneval')))) {","                // try to eval input-code","                try {","                    /*jslint evil: true*/","                    eval(document.querySelector('#inputTextareaEval1').value);","                } catch (errorCaught) {","                    console.error(errorCaught);","                }","            }","        };","        // log stderr and stdout to #outputTextareaStdout1","        ['error', 'log'].forEach(function (key) {","            console[key + '_original'] = console[key];","            console[key] = function () {","                var element;","                console[key + '_original'].apply(console, arguments);","                element = document.querySelector('#outputTextareaStdout1');","                if (!element) {","                    return;","                }","                // append text to #outputTextareaStdout1","                element.value += Array.from(arguments).map(function (arg) {","                    return typeof arg === 'string'","                        ? arg","                        : JSON.stringify(arg, null, 4);","                }).join(' ') + '\\n';","                // scroll textarea to bottom","                element.scrollTop = element.scrollHeight;","            };","        });","        // init event-handling","        ['change', 'click', 'keyup'].forEach(function (event) {","            Array.from(document.querySelectorAll('.on' + event)).forEach(function (element) {","                element.addEventListener(event, local.testRunBrowser);","            });","        });","        // run tests","        local.testRunBrowser();","        break;","","","","    // run node js-env code - post-init","    /* istanbul ignore next */","    case 'node':","        // export local","        module.exports = local;","        // require modules","        local.fs = require('fs');","        local.http = require('http');","        local.url = require('url');","        // init assets","        local.assetsDict = local.assetsDict || {};","        /* jslint-ignore-begin */","        local.assetsDict['/assets.index.template.html'] = '\\","<!doctype html>\\n\\","<html lang=\"en\">\\n\\","<head>\\n\\","<meta charset=\"UTF-8\">\\n\\","<meta name=\"viewport\" content=\"width=device-width, initial-scale=1\">\\n\\","<title>{{env.npm_package_name}} (v{{env.npm_package_version}})</title>\\n\\","<style>\\n\\","/*csslint\\n\\","    box-sizing: false,\\n\\","    universal-selector: false\\n\\","*/\\n\\","* {\\n\\","    box-sizing: border-box;\\n\\","}\\n\\","body {\\n\\","    background: #dde;\\n\\","    font-family: Arial, Helvetica, sans-serif;\\n\\","    margin: 2rem;\\n\\","}\\n\\","body > * {\\n\\","    margin-bottom: 1rem;\\n\\","}\\n\\",".utility2FooterDiv {\\n\\","    margin-top: 20px;\\n\\","    text-align: center;\\n\\","}\\n\\","</style>\\n\\","<style>\\n\\","/*csslint\\n\\","*/\\n\\","textarea {\\n\\","    font-family: monospace;\\n\\","    height: 10rem;\\n\\","    width: 100%;\\n\\","}\\n\\","textarea[readonly] {\\n\\","    background: #ddd;\\n\\","}\\n\\","</style>\\n\\","</head>\\n\\","<body>\\n\\","<!-- utility2-comment\\n\\","<div id=\"ajaxProgressDiv1\" style=\"background: #d00; height: 2px; left: 0; margin: 0; padding: 0; position: fixed; top: 0; transition: background 0.5s, width 1.5s; width: 25%;\"></div>\\n\\","utility2-comment -->\\n\\","<h1>\\n\\","<!-- utility2-comment\\n\\","    <a\\n\\","        {{#if env.npm_package_homepage}}\\n\\","        href=\"{{env.npm_package_homepage}}\"\\n\\","        {{/if env.npm_package_homepage}}\\n\\","        target=\"_blank\"\\n\\","    >\\n\\","utility2-comment -->\\n\\","        {{env.npm_package_name}} (v{{env.npm_package_version}})\\n\\","<!-- utility2-comment\\n\\","    </a>\\n\\","utility2-comment -->\\n\\","</h1>\\n\\","<h3>{{env.npm_package_description}}</h3>\\n\\","<!-- utility2-comment\\n\\","<h4><a download href=\"assets.app.js\">download standalone app</a></h4>\\n\\","<button class=\"onclick onreset\" id=\"testRunButton1\">run internal test</button><br>\\n\\","<div id=\"testReportDiv1\" style=\"display: none;\"></div>\\n\\","utility2-comment -->\\n\\","\\n\\","\\n\\","\\n\\","<label>stderr and stdout</label>\\n\\","<textarea class=\"resettable\" id=\"outputTextareaStdout1\" readonly></textarea>\\n\\","<!-- utility2-comment\\n\\","{{#if isRollup}}\\n\\","<script src=\"assets.app.js\"></script>\\n\\","{{#unless isRollup}}\\n\\","utility2-comment -->\\n\\","<script src=\"assets.utility2.rollup.js\"></script>\\n\\","<script src=\"jsonp.utility2._stateInit?callback=window.utility2._stateInit\"></script>\\n\\","<script src=\"assets.npmtest_express_validator.rollup.js\"></script>\\n\\","<script src=\"assets.example.js\"></script>\\n\\","<script src=\"assets.test.js\"></script>\\n\\","<!-- utility2-comment\\n\\","{{/if isRollup}}\\n\\","utility2-comment -->\\n\\","<div class=\"utility2FooterDiv\">\\n\\","    [ this app was created with\\n\\","    <a href=\"https://github.com/kaizhu256/node-utility2\" target=\"_blank\">utility2</a>\\n\\","    ]\\n\\","</div>\\n\\","</body>\\n\\","</html>\\n\\","';","        /* jslint-ignore-end */","        if (local.templateRender) {","            local.assetsDict['/'] = local.templateRender(","                local.assetsDict['/assets.index.template.html'],","                {","                    env: local.objectSetDefault(local.env, {","                        npm_package_description: 'the greatest app in the world!',","                        npm_package_name: 'my-app',","                        npm_package_nameAlias: 'my_app',","                        npm_package_version: '0.0.1'","                    })","                }","            );","        } else {","            local.assetsDict['/'] = local.assetsDict['/assets.index.template.html']","                .replace((/\\{\\{env\\.(\\w+?)\\}\\}/g), function (match0, match1) {","                    // jslint-hack","                    String(match0);","                    switch (match1) {","                    case 'npm_package_description':","                        return 'the greatest app in the world!';","                    case 'npm_package_name':","                        return 'my-app';","                    case 'npm_package_nameAlias':","                        return 'my_app';","                    case 'npm_package_version':","                        return '0.0.1';","                    }","                });","        }","        // run the cli","        if (local.global.utility2_rollup || module !== require.main) {","            break;","        }","        local.assetsDict['/assets.example.js'] =","            local.assetsDict['/assets.example.js'] ||","            local.fs.readFileSync(__filename, 'utf8');","        local.assetsDict['/assets.npmtest_express_validator.rollup.js'] =","            local.assetsDict['/assets.npmtest_express_validator.rollup.js'] ||","            local.fs.readFileSync(","                // buildCustomOrg-hack","                local.npmtest_express_validator.__dirname +","                    '/lib.npmtest_express_validator.js',","                'utf8'","            ).replace((/^#!/), '//');","        local.assetsDict['/favicon.ico'] = local.assetsDict['/favicon.ico'] || '';","        // if $npm_config_timeout_exit exists,","        // then exit this process after $npm_config_timeout_exit ms","        if (Number(process.env.npm_config_timeout_exit)) {","            setTimeout(process.exit, Number(process.env.npm_config_timeout_exit));","        }","        // start server","        if (local.global.utility2_serverHttp1) {","            break;","        }","        process.env.PORT = process.env.PORT || '8081';","        console.error('server starting on port ' + process.env.PORT);","        local.http.createServer(function (request, response) {","            request.urlParsed = local.url.parse(request.url);","            if (local.assetsDict[request.urlParsed.pathname] !== undefined) {","                response.end(local.assetsDict[request.urlParsed.pathname]);","                return;","            }","            response.statusCode = 404;","            response.end();","        }).listen(process.env.PORT);","        break;","    }","}());",""],"l":{"26":2,"28":2,"33":2,"35":2,"37":2,"38":2,"39":2,"44":1,"51":2,"55":2,"59":2,"61":2,"69":1,"70":2,"76":2,"79":2,"82":2,"83":2,"85":1,"89":2,"92":1,"93":1,"94":1,"96":1,"97":1,"100":1,"101":1,"103":1,"106":1,"108":2,"114":1,"116":1,"118":1,"123":1,"124":2,"125":2,"126":2,"127":2,"128":2,"129":2,"130":1,"133":2,"134":2,"139":2,"143":1,"144":3,"145":1,"149":1,"150":1,"158":1,"160":1,"161":1,"162":1,"164":1,"166":1,"258":1,"259":1,"271":1,"274":6,"275":6,"277":1,"279":2,"281":1,"283":2,"288":1,"289":1,"291":1,"294":1,"302":1,"305":1,"306":1,"309":1,"310":1,"312":1,"313":1,"314":1,"315":1,"316":1,"317":1,"318":1,"320":1,"321":1,"323":1}},"/home/travis/build/npmtest/node-npmtest-express-validator/node_modules/express-validator/index.js":{"path":"/home/travis/build/npmtest/node-npmtest-express-validator/node_modules/express-validator/index.js","s":{"1":1},"b":{},"f":{},"fnMap":{},"statementMap":{"1":{"start":{"line":1,"column":0},"end":{"line":1,"column":55}}},"branchMap":{},"code":["module.exports = require('./lib/express_validator.js');",""],"l":{"1":1}},"/home/travis/build/npmtest/node-npmtest-express-validator/node_modules/express-validator/lib/express_validator.js":{"path":"/home/travis/build/npmtest/node-npmtest-express-validator/node_modules/express-validator/lib/express_validator.js","s":{"1":1,"2":1,"3":1,"4":1,"5":1,"6":59,"7":0,"8":0,"9":0,"10":1,"11":1,"12":64,"13":5,"14":59,"15":1,"16":0,"17":0,"18":0,"19":0,"20":0,"21":1,"22":0,"23":0,"24":0,"25":0,"26":1,"27":1,"28":1,"29":1,"30":0,"31":0,"32":0,"33":0,"34":0,"35":0,"36":0,"37":0,"38":1,"39":0,"40":0,"41":0,"42":0,"43":0,"44":0,"45":1,"46":0,"47":0,"48":0,"49":0,"50":0,"51":0,"52":0,"53":0,"54":0,"55":0,"56":0,"57":0,"58":0,"59":0,"60":0,"61":0,"62":0,"63":0,"64":0,"65":0,"66":0,"67":0,"68":0,"69":0,"70":0,"71":0,"72":0,"73":0,"74":0,"75":0,"76":0,"77":0,"78":0,"79":0,"80":0,"81":0,"82":0,"83":0,"84":0,"85":0,"86":0,"87":0,"88":0,"89":0,"90":0,"91":0,"92":0,"93":0,"94":0,"95":0,"96":0,"97":0,"98":0,"99":0,"100":0,"101":0,"102":0,"103":0,"104":0,"105":0,"106":0,"107":0,"108":0,"109":0,"110":0,"111":0,"112":0,"113":0,"114":0,"115":0,"116":0,"117":0,"118":0,"119":0,"120":0,"121":0,"122":0,"123":0,"124":0,"125":0,"126":0,"127":0,"128":0,"129":0,"130":0,"131":0,"132":0,"133":0,"134":0,"135":0,"136":0,"137":0,"138":0,"139":0,"140":0,"141":0,"142":0,"143":0,"144":0,"145":0,"146":0,"147":0,"148":0,"149":0,"150":0,"151":0,"152":0,"153":1,"154":0,"155":0,"156":0,"157":0,"158":0,"159":0,"160":0,"161":0,"162":0,"163":0,"164":0,"165":0,"166":0,"167":0,"168":0,"169":0,"170":0,"171":0,"172":0,"173":0,"174":0,"175":0,"176":0,"177":0,"178":0,"179":0,"180":1,"181":0,"182":0,"183":0,"184":0,"185":0,"186":0,"187":0,"188":0,"189":0,"190":0,"191":0,"192":0,"193":0,"194":0,"195":0,"196":0,"197":0,"198":0,"199":0,"200":0,"201":0,"202":0,"203":0,"204":1,"205":0,"206":0,"207":0,"208":0,"209":0,"210":0,"211":0,"212":0,"213":0,"214":0,"215":0,"216":1,"217":0,"218":0,"219":0,"220":0,"221":0,"222":0,"223":0,"224":1,"225":0,"226":0,"227":1,"228":1,"229":1},"b":{"1":[5,59],"2":[64,63,62,61,60,59],"3":[0,0],"4":[0,0,0],"5":[0,0],"6":[0,0,0,0],"7":[0,0],"8":[0,0],"9":[0,0],"10":[0,0],"11":[0,0],"12":[0,0],"13":[0,0],"14":[0,0],"15":[0,0],"16":[0,0],"17":[0,0],"18":[0,0],"19":[0,0],"20":[0,0],"21":[0,0],"22":[0,0],"23":[0,0],"24":[0,0],"25":[0,0],"26":[0,0],"27":[0,0],"28":[0,0],"29":[0,0],"30":[0,0],"31":[0,0],"32":[0,0],"33":[0,0],"34":[0,0],"35":[0,0],"36":[0,0],"37":[0,0],"38":[0,0],"39":[0,0,0],"40":[0,0],"41":[0,0],"42":[0,0,0],"43":[0,0],"44":[0,0],"45":[0,0],"46":[0,0],"47":[0,0],"48":[0,0],"49":[0,0],"50":[0,0],"51":[0,0],"52":[0,0],"53":[0,0]},"f":{"1":59,"2":0,"3":1,"4":0,"5":0,"6":0,"7":0,"8":0,"9":0,"10":0,"11":0,"12":0,"13":0,"14":0,"15":0,"16":0,"17":0,"18":0,"19":0,"20":0,"21":0,"22":0,"23":0,"24":0,"25":0,"26":0,"27":0,"28":0,"29":0,"30":0,"31":0,"32":0,"33":0,"34":0,"35":0,"36":0,"37":0,"38":0,"39":0,"40":0,"41":0,"42":0,"43":0,"44":0,"45":0,"46":0,"47":0,"48":0,"49":0,"50":0,"51":0,"52":0},"fnMap":{"1":{"name":"(anonymous_1)","line":9,"loc":{"start":{"line":9,"column":19},"end":{"line":9,"column":38}}},"2":{"name":"(anonymous_2)","line":10,"loc":{"start":{"line":10,"column":20},"end":{"line":10,"column":31}}},"3":{"name":"(anonymous_3)","line":17,"loc":{"start":{"line":17,"column":17},"end":{"line":17,"column":28}}},"4":{"name":"(anonymous_4)","line":28,"loc":{"start":{"line":28,"column":21},"end":{"line":28,"column":37}}},"5":{"name":"(anonymous_5)","line":37,"loc":{"start":{"line":37,"column":19},"end":{"line":37,"column":34}}},"6":{"name":"ValidatorChain","line":62,"loc":{"start":{"line":62,"column":0},"end":{"line":62,"column":64}}},"7":{"name":"Sanitizer","line":83,"loc":{"start":{"line":83,"column":0},"end":{"line":83,"column":42}}},"8":{"name":"(anonymous_8)","line":84,"loc":{"start":{"line":84,"column":30},"end":{"line":84,"column":49}}},"9":{"name":"(anonymous_9)","line":102,"loc":{"start":{"line":102,"column":23},"end":{"line":102,"column":41}}},"10":{"name":"(anonymous_10)","line":107,"loc":{"start":{"line":107,"column":20},"end":{"line":107,"column":48}}},"11":{"name":"(anonymous_11)","line":119,"loc":{"start":{"line":119,"column":23},"end":{"line":119,"column":52}}},"12":{"name":"(anonymous_12)","line":129,"loc":{"start":{"line":129,"column":38},"end":{"line":129,"column":49}}},"13":{"name":"(anonymous_13)","line":135,"loc":{"start":{"line":135,"column":33},"end":{"line":135,"column":44}}},"14":{"name":"(anonymous_14)","line":139,"loc":{"start":{"line":139,"column":38},"end":{"line":139,"column":53}}},"15":{"name":"(anonymous_15)","line":162,"loc":{"start":{"line":162,"column":41},"end":{"line":162,"column":59}}},"16":{"name":"(anonymous_16)","line":165,"loc":{"start":{"line":165,"column":52},"end":{"line":165,"column":63}}},"17":{"name":"(anonymous_17)","line":170,"loc":{"start":{"line":170,"column":51},"end":{"line":170,"column":62}}},"18":{"name":"(anonymous_18)","line":186,"loc":{"start":{"line":186,"column":38},"end":{"line":186,"column":76}}},"19":{"name":"(anonymous_19)","line":190,"loc":{"start":{"line":190,"column":38},"end":{"line":190,"column":76}}},"20":{"name":"(anonymous_20)","line":194,"loc":{"start":{"line":194,"column":9},"end":{"line":194,"column":34}}},"21":{"name":"(anonymous_21)","line":199,"loc":{"start":{"line":199,"column":27},"end":{"line":199,"column":62}}},"22":{"name":"(anonymous_22)","line":206,"loc":{"start":{"line":206,"column":38},"end":{"line":206,"column":52}}},"23":{"name":"(anonymous_23)","line":216,"loc":{"start":{"line":216,"column":32},"end":{"line":216,"column":49}}},"24":{"name":"(anonymous_24)","line":217,"loc":{"start":{"line":217,"column":25},"end":{"line":217,"column":51}}},"25":{"name":"(anonymous_25)","line":221,"loc":{"start":{"line":221,"column":33},"end":{"line":221,"column":51}}},"26":{"name":"(anonymous_26)","line":226,"loc":{"start":{"line":226,"column":17},"end":{"line":226,"column":35}}},"27":{"name":"(anonymous_27)","line":228,"loc":{"start":{"line":228,"column":26},"end":{"line":228,"column":43}}},"28":{"name":"(anonymous_28)","line":242,"loc":{"start":{"line":242,"column":30},"end":{"line":242,"column":41}}},"29":{"name":"(anonymous_29)","line":243,"loc":{"start":{"line":243,"column":25},"end":{"line":243,"column":43}}},"30":{"name":"(anonymous_30)","line":247,"loc":{"start":{"line":247,"column":33},"end":{"line":247,"column":51}}},"31":{"name":"(anonymous_31)","line":252,"loc":{"start":{"line":252,"column":17},"end":{"line":252,"column":35}}},"32":{"name":"(anonymous_32)","line":253,"loc":{"start":{"line":253,"column":26},"end":{"line":253,"column":43}}},"33":{"name":"(anonymous_33)","line":264,"loc":{"start":{"line":264,"column":22},"end":{"line":264,"column":41}}},"34":{"name":"(anonymous_34)","line":280,"loc":{"start":{"line":280,"column":49},"end":{"line":280,"column":65}}},"35":{"name":"(anonymous_35)","line":285,"loc":{"start":{"line":285,"column":26},"end":{"line":285,"column":42}}},"36":{"name":"(anonymous_36)","line":293,"loc":{"start":{"line":293,"column":26},"end":{"line":293,"column":42}}},"37":{"name":"(anonymous_37)","line":297,"loc":{"start":{"line":297,"column":19},"end":{"line":297,"column":35}}},"38":{"name":"(anonymous_38)","line":301,"loc":{"start":{"line":301,"column":22},"end":{"line":301,"column":41}}},"39":{"name":"(anonymous_39)","line":320,"loc":{"start":{"line":320,"column":46},"end":{"line":320,"column":71}}},"40":{"name":"(anonymous_40)","line":328,"loc":{"start":{"line":328,"column":23},"end":{"line":328,"column":48}}},"41":{"name":"(anonymous_41)","line":340,"loc":{"start":{"line":340,"column":23},"end":{"line":340,"column":48}}},"42":{"name":"(anonymous_42)","line":344,"loc":{"start":{"line":344,"column":16},"end":{"line":344,"column":41}}},"43":{"name":"validateSchema","line":388,"loc":{"start":{"line":388,"column":0},"end":{"line":388,"column":51}}},"44":{"name":"makeValidator","line":459,"loc":{"start":{"line":459,"column":0},"end":{"line":459,"column":46}}},"45":{"name":"(anonymous_45)","line":460,"loc":{"start":{"line":460,"column":9},"end":{"line":460,"column":20}}},"46":{"name":"(anonymous_46)","line":474,"loc":{"start":{"line":474,"column":19},"end":{"line":474,"column":36}}},"47":{"name":"(anonymous_47)","line":479,"loc":{"start":{"line":479,"column":34},"end":{"line":479,"column":45}}},"48":{"name":"makeSanitizer","line":511,"loc":{"start":{"line":511,"column":0},"end":{"line":511,"column":46}}},"49":{"name":"(anonymous_49)","line":512,"loc":{"start":{"line":512,"column":9},"end":{"line":512,"column":20}}},"50":{"name":"(anonymous_50)","line":515,"loc":{"start":{"line":515,"column":24},"end":{"line":515,"column":43}}},"51":{"name":"locate","line":539,"loc":{"start":{"line":539,"column":0},"end":{"line":539,"column":27}}},"52":{"name":"formatErrors","line":561,"loc":{"start":{"line":561,"column":0},"end":{"line":561,"column":41}}}},"statementMap":{"1":{"start":{"line":1,"column":0},"end":{"line":1,"column":37}},"2":{"start":{"line":2,"column":0},"end":{"line":2,"column":26}},"3":{"start":{"line":3,"column":0},"end":{"line":3,"column":34}},"4":{"start":{"line":4,"column":0},"end":{"line":4,"column":31}},"5":{"start":{"line":9,"column":0},"end":{"line":15,"column":2}},"6":{"start":{"line":10,"column":2},"end":{"line":14,"column":4}},"7":{"start":{"line":11,"column":4},"end":{"line":11,"column":53}},"8":{"start":{"line":12,"column":4},"end":{"line":12,"column":42}},"9":{"start":{"line":13,"column":4},"end":{"line":13,"column":37}},"10":{"start":{"line":17,"column":0},"end":{"line":26,"column":2}},"11":{"start":{"line":18,"column":2},"end":{"line":25,"column":3}},"12":{"start":{"line":19,"column":4},"end":{"line":23,"column":5}},"13":{"start":{"line":22,"column":6},"end":{"line":22,"column":15}},"14":{"start":{"line":24,"column":4},"end":{"line":24,"column":44}},"15":{"start":{"line":28,"column":0},"end":{"line":35,"column":2}},"16":{"start":{"line":29,"column":2},"end":{"line":33,"column":3}},"17":{"start":{"line":30,"column":4},"end":{"line":30,"column":29}},"18":{"start":{"line":31,"column":9},"end":{"line":33,"column":3}},"19":{"start":{"line":32,"column":4},"end":{"line":32,"column":15}},"20":{"start":{"line":34,"column":2},"end":{"line":34,"column":20}},"21":{"start":{"line":37,"column":0},"end":{"line":43,"column":2}},"22":{"start":{"line":38,"column":2},"end":{"line":40,"column":3}},"23":{"start":{"line":39,"column":4},"end":{"line":39,"column":16}},"24":{"start":{"line":41,"column":2},"end":{"line":41,"column":26}},"25":{"start":{"line":42,"column":2},"end":{"line":42,"column":46}},"26":{"start":{"line":45,"column":0},"end":{"line":45,"column":17}},"27":{"start":{"line":48,"column":0},"end":{"line":48,"column":61}},"28":{"start":{"line":49,"column":0},"end":{"line":49,"column":132}},"29":{"start":{"line":62,"column":0},"end":{"line":71,"column":1}},"30":{"start":{"line":63,"column":2},"end":{"line":63,"column":47}},"31":{"start":{"line":64,"column":2},"end":{"line":64,"column":21}},"32":{"start":{"line":65,"column":2},"end":{"line":65,"column":66}},"33":{"start":{"line":66,"column":2},"end":{"line":66,"column":29}},"34":{"start":{"line":67,"column":2},"end":{"line":67,"column":25}},"35":{"start":{"line":68,"column":2},"end":{"line":68,"column":17}},"36":{"start":{"line":69,"column":2},"end":{"line":69,"column":24}},"37":{"start":{"line":70,"column":2},"end":{"line":70,"column":14}},"38":{"start":{"line":83,"column":0},"end":{"line":92,"column":1}},"39":{"start":{"line":84,"column":2},"end":{"line":86,"column":5}},"40":{"start":{"line":85,"column":4},"end":{"line":85,"column":39}},"41":{"start":{"line":88,"column":2},"end":{"line":88,"column":17}},"42":{"start":{"line":89,"column":2},"end":{"line":89,"column":21}},"43":{"start":{"line":90,"column":2},"end":{"line":90,"column":29}},"44":{"start":{"line":91,"column":2},"end":{"line":91,"column":14}},"45":{"start":{"line":102,"column":0},"end":{"line":357,"column":2}},"46":{"start":{"line":103,"column":2},"end":{"line":103,"column":26}},"47":{"start":{"line":104,"column":2},"end":{"line":114,"column":4}},"48":{"start":{"line":108,"column":6},"end":{"line":112,"column":8}},"49":{"start":{"line":116,"column":2},"end":{"line":116,"column":32}},"50":{"start":{"line":119,"column":2},"end":{"line":127,"column":5}},"51":{"start":{"line":120,"column":4},"end":{"line":122,"column":5}},"52":{"start":{"line":121,"column":6},"end":{"line":121,"column":82}},"53":{"start":{"line":124,"column":4},"end":{"line":126,"column":5}},"54":{"start":{"line":125,"column":6},"end":{"line":125,"column":77}},"55":{"start":{"line":129,"column":2},"end":{"line":133,"column":4}},"56":{"start":{"line":130,"column":4},"end":{"line":132,"column":7}},"57":{"start":{"line":135,"column":2},"end":{"line":137,"column":4}},"58":{"start":{"line":136,"column":4},"end":{"line":136,"column":48}},"59":{"start":{"line":139,"column":2},"end":{"line":160,"column":4}},"60":{"start":{"line":140,"column":4},"end":{"line":140,"column":22}},"61":{"start":{"line":143,"column":4},"end":{"line":145,"column":6}},"62":{"start":{"line":147,"column":4},"end":{"line":147,"column":43}},"63":{"start":{"line":149,"column":4},"end":{"line":157,"column":5}},"64":{"start":{"line":150,"column":6},"end":{"line":152,"column":7}},"65":{"start":{"line":151,"column":8},"end":{"line":151,"column":35}},"66":{"start":{"line":154,"column":6},"end":{"line":156,"column":7}},"67":{"start":{"line":155,"column":8},"end":{"line":155,"column":35}},"68":{"start":{"line":159,"column":4},"end":{"line":159,"column":16}},"69":{"start":{"line":162,"column":2},"end":{"line":184,"column":4}},"70":{"start":{"line":163,"column":4},"end":{"line":182,"column":5}},"71":{"start":{"line":164,"column":6},"end":{"line":181,"column":7}},"72":{"start":{"line":165,"column":8},"end":{"line":168,"column":11}},"73":{"start":{"line":169,"column":8},"end":{"line":169,"column":115}},"74":{"start":{"line":170,"column":8},"end":{"line":172,"column":11}},"75":{"start":{"line":171,"column":10},"end":{"line":171,"column":39}},"76":{"start":{"line":173,"column":8},"end":{"line":173,"column":54}},"77":{"start":{"line":175,"column":8},"end":{"line":175,"column":36}},"78":{"start":{"line":176,"column":8},"end":{"line":176,"column":41}},"79":{"start":{"line":177,"column":8},"end":{"line":177,"column":104}},"80":{"start":{"line":178,"column":8},"end":{"line":178,"column":49}},"81":{"start":{"line":179,"column":8},"end":{"line":179,"column":54}},"82":{"start":{"line":180,"column":8},"end":{"line":180,"column":30}},"83":{"start":{"line":183,"column":4},"end":{"line":183,"column":16}},"84":{"start":{"line":186,"column":2},"end":{"line":188,"column":5}},"85":{"start":{"line":187,"column":4},"end":{"line":187,"column":113}},"86":{"start":{"line":190,"column":2},"end":{"line":192,"column":5}},"87":{"start":{"line":191,"column":4},"end":{"line":191,"column":108}},"88":{"start":{"line":194,"column":2},"end":{"line":356,"column":4}},"89":{"start":{"line":195,"column":4},"end":{"line":195,"column":48}},"90":{"start":{"line":197,"column":4},"end":{"line":197,"column":31}},"91":{"start":{"line":198,"column":4},"end":{"line":198,"column":36}},"92":{"start":{"line":199,"column":4},"end":{"line":214,"column":6}},"93":{"start":{"line":200,"column":6},"end":{"line":202,"column":7}},"94":{"start":{"line":201,"column":8},"end":{"line":201,"column":129}},"95":{"start":{"line":204,"column":6},"end":{"line":211,"column":7}},"96":{"start":{"line":205,"column":8},"end":{"line":205,"column":24}},"97":{"start":{"line":206,"column":8},"end":{"line":208,"column":11}},"98":{"start":{"line":207,"column":10},"end":{"line":207,"column":34}},"99":{"start":{"line":210,"column":8},"end":{"line":210,"column":22}},"100":{"start":{"line":213,"column":6},"end":{"line":213,"column":78}},"101":{"start":{"line":216,"column":4},"end":{"line":240,"column":6}},"102":{"start":{"line":217,"column":6},"end":{"line":239,"column":9}},"103":{"start":{"line":218,"column":8},"end":{"line":218,"column":50}},"104":{"start":{"line":221,"column":8},"end":{"line":238,"column":11}},"105":{"start":{"line":225,"column":10},"end":{"line":225,"column":52}},"106":{"start":{"line":228,"column":10},"end":{"line":232,"column":13}},"107":{"start":{"line":229,"column":12},"end":{"line":231,"column":13}},"108":{"start":{"line":230,"column":14},"end":{"line":230,"column":58}},"109":{"start":{"line":234,"column":10},"end":{"line":236,"column":11}},"110":{"start":{"line":235,"column":12},"end":{"line":235,"column":62}},"111":{"start":{"line":237,"column":10},"end":{"line":237,"column":20}},"112":{"start":{"line":242,"column":4},"end":{"line":262,"column":6}},"113":{"start":{"line":243,"column":6},"end":{"line":261,"column":9}},"114":{"start":{"line":244,"column":8},"end":{"line":244,"column":50}},"115":{"start":{"line":247,"column":8},"end":{"line":260,"column":11}},"116":{"start":{"line":251,"column":10},"end":{"line":251,"column":52}},"117":{"start":{"line":253,"column":10},"end":{"line":257,"column":13}},"118":{"start":{"line":254,"column":12},"end":{"line":256,"column":13}},"119":{"start":{"line":255,"column":14},"end":{"line":255,"column":58}},"120":{"start":{"line":259,"column":10},"end":{"line":259,"column":86}},"121":{"start":{"line":264,"column":4},"end":{"line":283,"column":7}},"122":{"start":{"line":280,"column":6},"end":{"line":282,"column":8}},"123":{"start":{"line":281,"column":8},"end":{"line":281,"column":53}},"124":{"start":{"line":285,"column":4},"end":{"line":291,"column":6}},"125":{"start":{"line":286,"column":6},"end":{"line":288,"column":7}},"126":{"start":{"line":287,"column":8},"end":{"line":287,"column":26}},"127":{"start":{"line":290,"column":6},"end":{"line":290,"column":66}},"128":{"start":{"line":293,"column":4},"end":{"line":295,"column":6}},"129":{"start":{"line":294,"column":6},"end":{"line":294,"column":52}},"130":{"start":{"line":297,"column":4},"end":{"line":299,"column":6}},"131":{"start":{"line":298,"column":6},"end":{"line":298,"column":50}},"132":{"start":{"line":301,"column":4},"end":{"line":326,"column":7}},"133":{"start":{"line":320,"column":6},"end":{"line":325,"column":8}},"134":{"start":{"line":321,"column":8},"end":{"line":323,"column":9}},"135":{"start":{"line":322,"column":10},"end":{"line":322,"column":63}},"136":{"start":{"line":324,"column":8},"end":{"line":324,"column":74}},"137":{"start":{"line":328,"column":4},"end":{"line":338,"column":6}},"138":{"start":{"line":329,"column":6},"end":{"line":331,"column":7}},"139":{"start":{"line":330,"column":8},"end":{"line":330,"column":62}},"140":{"start":{"line":333,"column":6},"end":{"line":335,"column":7}},"141":{"start":{"line":334,"column":8},"end":{"line":334,"column":26}},"142":{"start":{"line":337,"column":6},"end":{"line":337,"column":87}},"143":{"start":{"line":340,"column":4},"end":{"line":342,"column":6}},"144":{"start":{"line":341,"column":6},"end":{"line":341,"column":73}},"145":{"start":{"line":344,"column":4},"end":{"line":349,"column":6}},"146":{"start":{"line":345,"column":6},"end":{"line":347,"column":7}},"147":{"start":{"line":346,"column":8},"end":{"line":346,"column":58}},"148":{"start":{"line":348,"column":6},"end":{"line":348,"column":82}},"149":{"start":{"line":351,"column":4},"end":{"line":351,"column":30}},"150":{"start":{"line":352,"column":4},"end":{"line":352,"column":27}},"151":{"start":{"line":353,"column":4},"end":{"line":353,"column":29}},"152":{"start":{"line":355,"column":4},"end":{"line":355,"column":11}},"153":{"start":{"line":388,"column":0},"end":{"line":448,"column":1}},"154":{"start":{"line":389,"column":2},"end":{"line":390,"column":21}},"155":{"start":{"line":392,"column":2},"end":{"line":447,"column":3}},"156":{"start":{"line":395,"column":4},"end":{"line":404,"column":5}},"157":{"start":{"line":396,"column":6},"end":{"line":401,"column":7}},"158":{"start":{"line":397,"column":8},"end":{"line":397,"column":38}},"159":{"start":{"line":400,"column":8},"end":{"line":400,"column":17}},"160":{"start":{"line":403,"column":6},"end":{"line":403,"column":67}},"161":{"start":{"line":406,"column":4},"end":{"line":406,"column":78}},"162":{"start":{"line":407,"column":4},"end":{"line":407,"column":55}},"163":{"start":{"line":409,"column":4},"end":{"line":409,"column":13}},"164":{"start":{"line":411,"column":4},"end":{"line":418,"column":5}},"165":{"start":{"line":412,"column":6},"end":{"line":412,"column":74}},"166":{"start":{"line":414,"column":6},"end":{"line":417,"column":7}},"167":{"start":{"line":415,"column":8},"end":{"line":415,"column":104}},"168":{"start":{"line":416,"column":8},"end":{"line":416,"column":17}},"169":{"start":{"line":420,"column":4},"end":{"line":446,"column":5}},"170":{"start":{"line":421,"column":6},"end":{"line":428,"column":7}},"171":{"start":{"line":426,"column":8},"end":{"line":426,"column":25}},"172":{"start":{"line":427,"column":8},"end":{"line":427,"column":17}},"173":{"start":{"line":430,"column":6},"end":{"line":435,"column":7}},"174":{"start":{"line":434,"column":8},"end":{"line":434,"column":17}},"175":{"start":{"line":437,"column":6},"end":{"line":437,"column":105}},"176":{"start":{"line":439,"column":6},"end":{"line":439,"column":47}},"177":{"start":{"line":441,"column":6},"end":{"line":443,"column":7}},"178":{"start":{"line":442,"column":8},"end":{"line":442,"column":22}},"179":{"start":{"line":445,"column":6},"end":{"line":445,"column":51}},"180":{"start":{"line":459,"column":0},"end":{"line":500,"column":1}},"181":{"start":{"line":460,"column":2},"end":{"line":499,"column":4}},"182":{"start":{"line":461,"column":4},"end":{"line":463,"column":5}},"183":{"start":{"line":462,"column":6},"end":{"line":462,"column":18}},"184":{"start":{"line":465,"column":4},"end":{"line":465,"column":18}},"185":{"start":{"line":466,"column":4},"end":{"line":466,"column":26}},"186":{"start":{"line":467,"column":4},"end":{"line":467,"column":62}},"187":{"start":{"line":469,"column":4},"end":{"line":469,"column":63}},"188":{"start":{"line":472,"column":4},"end":{"line":472,"column":27}},"189":{"start":{"line":473,"column":4},"end":{"line":475,"column":5}},"190":{"start":{"line":474,"column":6},"end":{"line":474,"column":74}},"191":{"start":{"line":474,"column":38},"end":{"line":474,"column":70}},"192":{"start":{"line":476,"column":4},"end":{"line":476,"column":88}},"193":{"start":{"line":478,"column":4},"end":{"line":496,"column":5}},"194":{"start":{"line":479,"column":6},"end":{"line":481,"column":9}},"195":{"start":{"line":480,"column":8},"end":{"line":480,"column":37}},"196":{"start":{"line":482,"column":6},"end":{"line":488,"column":8}},"197":{"start":{"line":489,"column":6},"end":{"line":489,"column":52}},"198":{"start":{"line":490,"column":11},"end":{"line":496,"column":5}},"199":{"start":{"line":491,"column":6},"end":{"line":491,"column":40}},"200":{"start":{"line":492,"column":6},"end":{"line":492,"column":45}},"201":{"start":{"line":493,"column":6},"end":{"line":493,"column":80}},"202":{"start":{"line":495,"column":6},"end":{"line":495,"column":28}},"203":{"start":{"line":498,"column":4},"end":{"line":498,"column":16}},"204":{"start":{"line":511,"column":0},"end":{"line":528,"column":1}},"205":{"start":{"line":512,"column":2},"end":{"line":527,"column":4}},"206":{"start":{"line":513,"column":4},"end":{"line":513,"column":31}},"207":{"start":{"line":514,"column":4},"end":{"line":514,"column":15}},"208":{"start":{"line":515,"column":4},"end":{"line":524,"column":18}},"209":{"start":{"line":516,"column":6},"end":{"line":523,"column":7}},"210":{"start":{"line":517,"column":8},"end":{"line":517,"column":27}},"211":{"start":{"line":518,"column":8},"end":{"line":518,"column":67}},"212":{"start":{"line":519,"column":8},"end":{"line":519,"column":62}},"213":{"start":{"line":521,"column":8},"end":{"line":521,"column":63}},"214":{"start":{"line":522,"column":8},"end":{"line":522,"column":32}},"215":{"start":{"line":526,"column":4},"end":{"line":526,"column":18}},"216":{"start":{"line":539,"column":0},"end":{"line":549,"column":1}},"217":{"start":{"line":540,"column":2},"end":{"line":546,"column":3}},"218":{"start":{"line":541,"column":4},"end":{"line":541,"column":20}},"219":{"start":{"line":542,"column":9},"end":{"line":546,"column":3}},"220":{"start":{"line":543,"column":4},"end":{"line":543,"column":19}},"221":{"start":{"line":544,"column":9},"end":{"line":546,"column":3}},"222":{"start":{"line":545,"column":4},"end":{"line":545,"column":18}},"223":{"start":{"line":548,"column":2},"end":{"line":548,"column":19}},"224":{"start":{"line":561,"column":0},"end":{"line":565,"column":1}},"225":{"start":{"line":562,"column":2},"end":{"line":562,"column":54}},"226":{"start":{"line":564,"column":2},"end":{"line":564,"column":57}},"227":{"start":{"line":567,"column":0},"end":{"line":567,"column":34}},"228":{"start":{"line":568,"column":0},"end":{"line":568,"column":37}},"229":{"start":{"line":569,"column":0},"end":{"line":569,"column":29}}},"branchMap":{"1":{"line":19,"type":"if","locations":[{"start":{"line":19,"column":4},"end":{"line":19,"column":4}},{"start":{"line":19,"column":4},"end":{"line":19,"column":4}}]},"2":{"line":19,"type":"binary-expr","locations":[{"start":{"line":19,"column":8},"end":{"line":19,"column":45}},{"start":{"line":19,"column":49},"end":{"line":19,"column":68}},{"start":{"line":20,"column":6},"end":{"line":20,"column":23}},{"start":{"line":20,"column":27},"end":{"line":20,"column":44}},{"start":{"line":20,"column":48},"end":{"line":20,"column":63}},{"start":{"line":21,"column":6},"end":{"line":21,"column":29}}]},"3":{"line":29,"type":"if","locations":[{"start":{"line":29,"column":2},"end":{"line":29,"column":2}},{"start":{"line":29,"column":2},"end":{"line":29,"column":2}}]},"4":{"line":29,"type":"binary-expr","locations":[{"start":{"line":29,"column":6},"end":{"line":29,"column":31}},{"start":{"line":29,"column":35},"end":{"line":29,"column":49}},{"start":{"line":29,"column":53},"end":{"line":29,"column":67}}]},"5":{"line":31,"type":"if","locations":[{"start":{"line":31,"column":9},"end":{"line":31,"column":9}},{"start":{"line":31,"column":9},"end":{"line":31,"column":9}}]},"6":{"line":31,"type":"binary-expr","locations":[{"start":{"line":31,"column":13},"end":{"line":31,"column":27}},{"start":{"line":31,"column":31},"end":{"line":31,"column":59}},{"start":{"line":31,"column":64},"end":{"line":31,"column":76}},{"start":{"line":31,"column":80},"end":{"line":31,"column":93}}]},"7":{"line":38,"type":"if","locations":[{"start":{"line":38,"column":2},"end":{"line":38,"column":2}},{"start":{"line":38,"column":2},"end":{"line":38,"column":2}}]},"8":{"line":42,"type":"cond-expr","locations":[{"start":{"line":42,"column":24},"end":{"line":42,"column":38}},{"start":{"line":42,"column":41},"end":{"line":42,"column":45}}]},"9":{"line":65,"type":"cond-expr","locations":[{"start":{"line":65,"column":26},"end":{"line":65,"column":53}},{"start":{"line":65,"column":56},"end":{"line":65,"column":65}}]},"10":{"line":103,"type":"binary-expr","locations":[{"start":{"line":103,"column":12},"end":{"line":103,"column":19}},{"start":{"line":103,"column":23},"end":{"line":103,"column":25}}]},"11":{"line":120,"type":"if","locations":[{"start":{"line":120,"column":4},"end":{"line":120,"column":4}},{"start":{"line":120,"column":4},"end":{"line":120,"column":4}}]},"12":{"line":120,"type":"binary-expr","locations":[{"start":{"line":120,"column":8},"end":{"line":120,"column":31}},{"start":{"line":120,"column":35},"end":{"line":120,"column":79}}]},"13":{"line":124,"type":"if","locations":[{"start":{"line":124,"column":4},"end":{"line":124,"column":4}},{"start":{"line":124,"column":4},"end":{"line":124,"column":4}}]},"14":{"line":124,"type":"binary-expr","locations":[{"start":{"line":124,"column":8},"end":{"line":124,"column":31}},{"start":{"line":124,"column":35},"end":{"line":124,"column":79}}]},"15":{"line":140,"type":"binary-expr","locations":[{"start":{"line":140,"column":11},"end":{"line":140,"column":15}},{"start":{"line":140,"column":19},"end":{"line":140,"column":21}}]},"16":{"line":149,"type":"if","locations":[{"start":{"line":149,"column":4},"end":{"line":149,"column":4}},{"start":{"line":149,"column":4},"end":{"line":149,"column":4}}]},"17":{"line":150,"type":"if","locations":[{"start":{"line":150,"column":6},"end":{"line":150,"column":6}},{"start":{"line":150,"column":6},"end":{"line":150,"column":6}}]},"18":{"line":154,"type":"if","locations":[{"start":{"line":154,"column":6},"end":{"line":154,"column":6}},{"start":{"line":154,"column":6},"end":{"line":154,"column":6}}]},"19":{"line":163,"type":"if","locations":[{"start":{"line":163,"column":4},"end":{"line":163,"column":4}},{"start":{"line":163,"column":4},"end":{"line":163,"column":4}}]},"20":{"line":164,"type":"if","locations":[{"start":{"line":164,"column":6},"end":{"line":164,"column":6}},{"start":{"line":164,"column":6},"end":{"line":164,"column":6}}]},"21":{"line":200,"type":"if","locations":[{"start":{"line":200,"column":6},"end":{"line":200,"column":6}},{"start":{"line":200,"column":6},"end":{"line":200,"column":6}}]},"22":{"line":200,"type":"binary-expr","locations":[{"start":{"line":200,"column":10},"end":{"line":200,"column":27}},{"start":{"line":200,"column":31},"end":{"line":200,"column":68}}]},"23":{"line":204,"type":"if","locations":[{"start":{"line":204,"column":6},"end":{"line":204,"column":6}},{"start":{"line":204,"column":6},"end":{"line":204,"column":6}}]},"24":{"line":204,"type":"binary-expr","locations":[{"start":{"line":204,"column":10},"end":{"line":204,"column":16}},{"start":{"line":204,"column":20},"end":{"line":204,"column":52}}]},"25":{"line":213,"type":"cond-expr","locations":[{"start":{"line":213,"column":48},"end":{"line":213,"column":69}},{"start":{"line":213,"column":72},"end":{"line":213,"column":77}}]},"26":{"line":229,"type":"if","locations":[{"start":{"line":229,"column":12},"end":{"line":229,"column":12}},{"start":{"line":229,"column":12},"end":{"line":229,"column":12}}]},"27":{"line":234,"type":"if","locations":[{"start":{"line":234,"column":10},"end":{"line":234,"column":10}},{"start":{"line":234,"column":10},"end":{"line":234,"column":10}}]},"28":{"line":254,"type":"if","locations":[{"start":{"line":254,"column":12},"end":{"line":254,"column":12}},{"start":{"line":254,"column":12},"end":{"line":254,"column":12}}]},"29":{"line":286,"type":"if","location
[...]
commended fix from","        // http://bluebirdjs.com/docs/api/reflect.html","        Promise.all(promises.map(function(promise) {","          // Must convert to Bluebird promise in case they are using native","          // Node promises since reflect() is not a native promise method","          // http://bluebirdjs.com/docs/api/reflect.html#comment-2369616577","          return Promise.resolve(promise).reflect();","        })).then(function(results) {","","          results.forEach(function(result) {","            if (result.isRejected()) {","              req._validationErrors.push(result.reason());","            }","          });","","          if (req._validationErrors.length > 0) {","            return reject(req.validationErrors(mapped, true));","          }","          resolve();","        });","      });","    };","","    req.getValidationResult = function() {","      return new Promise(function(resolve) {","        var promises = req._asyncValidationErrors;","        // Migrated using the recommended fix from","        // http://bluebirdjs.com/docs/api/reflect.html","        Promise.all(promises.map(function(promise) {","          // Must convert to Bluebird promise in case they are using native","          // Node promises since reflect() is not a native promise method","          // http://bluebirdjs.com/docs/api/reflect.html#comment-2369616577","          return Promise.resolve(promise).reflect();","        })).then(function(results) {","          results.forEach(function(result) {","            if (result.isRejected()) {","              req._validationErrors.push(result.reason());","            }","          });","","          return resolve(utils.decorateAsValidationResult({}, req._validationErrors));","        });","      });","    };","","    locations.forEach(function(location) {","        /**","         * @name req.sanitizeQuery","         * @see sanitize","         * @param param","         */","        /**","         * @name req.sanitizeParams","         * @see sanitize","         * @param param","         */","        /**","         * @name req.sanitizeBody","         * @see sanitize","         * @param param","         */","      req['sanitize' + _.capitalize(location)] = function(param) {","        return new Sanitizer(param, req, [location]);","      };","    });","","    req.sanitizeHeaders = function(param) {","      if (param === 'referrer') {","        param = 'referer';","      }","","      return new Sanitizer(param.toLowerCase(), req, ['headers']);","    };","","    req.sanitizeCookies = function(param) {","      return new Sanitizer(param, req, ['cookies']);","    };","","    req.sanitize = function(param) {","      return new Sanitizer(param, req, locations);","    };","","    locations.forEach(function(location) {","      /**","       * @name req.checkQuery","       * @see check","       * @param param","       * @param [failMsg]","       */","      /**","       * @name req.checkParams","       * @see check","       * @param param","       * @param [failMsg]","       */","      /**","       * @name req.checkBody","       * @see check","       * @param param","       * @param [failMsg]","       */","      req['check' + _.capitalize(location)] = function(param, failMsg) {","        if (_.isPlainObject(param)) {","          return validateSchema(param, req, location, options);","        }","        return new ValidatorChain(param, failMsg, req, location, options);","      };","    });","","    req.checkHeaders = function(param, failMsg) {","      if (_.isPlainObject(param)) {","        return validateSchema(param, req, 'headers', options);","      }","","      if (param === 'referrer') {","        param = 'referer';","      }","","      return new ValidatorChain(param.toLowerCase(), failMsg, req, 'headers', options);","    };","","    req.checkCookies = function(param, failMsg) {","      return new ValidatorChain(param, failMsg, req, 'cookies', options);","    };","","    req.check = function(param, failMsg) {","      if (_.isPlainObject(param)) {","        return validateSchema(param, req, 'any', options);","      }","      return new ValidatorChain(param, failMsg, req, locate(req, param), options);","    };","","    req.filter = req.sanitize;","    req.assert = req.check;","    req.validate = req.check;","","    next();","  };","};","","/**"," * validate an object using a schema, using following format:"," *"," * {"," *   paramName: {"," *     validatorName: true,"," *     validator2Name: true"," *   }"," * }"," *"," * Pass options or a custom error message:"," *"," * {"," *   paramName: {"," *     validatorName: {"," *       options: ['', ''],"," *       errorMessage: 'An Error Message'"," *     }"," *   }"," * }"," *"," * @method validateSchema"," * @param  {Object}       schema    schema of validations"," * @param  {Request}      req       request to attach validation errors"," * @param  {string}       loc  request property to find value (body, params, query, etc.)"," * @param  {Object}       options   options containing custom validators & errorFormatter"," * @return {object[]}               array of errors"," */","","function validateSchema(schema, req, loc, options) {","  var locations = ['body', 'params', 'query', 'headers'],","    currentLoc = loc;","","  for (var param in schema) {","","    // check if schema has defined location","    if (schema[param].hasOwnProperty('in')) {","      if (locations.indexOf(schema[param].in) !== -1) {","        currentLoc = schema[param].in;","      } else {","        // skip params where defined location is not supported","        continue;","      }","    } else {","      currentLoc = loc === 'any' ? locate(req, param) : currentLoc;","    }","","    var validator = new ValidatorChain(param, null, req, currentLoc, options);","    var paramErrorMessage = schema[param].errorMessage;","","    var opts;","","    if (schema[param].optional) {","      validator.optional.apply(validator, schema[param].optional.options);","","      if (validator.skipValidating) {","        validator.failMsg = schema[param].optional.errorMessage || paramErrorMessage || 'Invalid param';","        continue; // continue with the next param in schema","      }","    }","","    for (var methodName in schema[param]) {","      if (methodName === 'in') {","        /* Skip method if this is location definition, do not validate it.","         * Restore also the original location that was changed only for this particular param.","         * Without it everything after param with in field would be validated against wrong location.","         */","        currentLoc = loc;","        continue;","      }","","      if (methodName === 'errorMessage') {","        /* Also do not validate if methodName","         * represent parameter error message","         */","        continue;","      }","","      validator.failMsg = schema[param][methodName].errorMessage || paramErrorMessage || 'Invalid param';","","      opts = schema[param][methodName].options;","","      if (opts != null && !Array.isArray(opts)) {","        opts = [opts];","      }","","      validator[methodName].apply(validator, opts);","    }","  }","}","","/**"," * Validates and handles errors, return instance of itself to allow for chaining"," *"," * @method makeValidator"," * @param  {string}          methodName"," * @param  {object}          container"," * @return {function}"," */","","function makeValidator(methodName, container) {","  return function() {","    if (this.skipValidating) {","      return this;","    }","","    var args = [];","    args.push(this.value);","    args = args.concat(Array.prototype.slice.call(arguments));","","    var isValid = container[methodName].apply(container, args);","","    // Perform string replacement in the error message","    var msg = this.failMsg;","    if (typeof msg === 'string') {","      args.forEach(function(arg, i) { msg = msg.replace('%' + i, arg); });","    }","    var error = formatErrors.call(this, this.param, msg || 'Invalid value', this.value);","","    if (isValid.then) {","      var promise = isValid.catch(function() {","        return Promise.reject(error);","      });","      this.lastError = {","        promise: isValid,","        param: this.param,","        value: this.value,","        context: this,","        isAsync: true","      };","      this.req._asyncValidationErrors.push(promise);","    } else if (!isValid) {","      this.validationErrors.push(error);","      this.req._validationErrors.push(error);","      this.lastError = { param: this.param, value: this.value, isAsync: false };","    } else {","      this.lastError = null;","    }","","    return this;","  };","}","","/**"," * Sanitizes and sets sanitized value on the request, then return instance of itself to allow for chaining"," *"," * @method makeSanitizer"," * @param  {string}          methodName"," * @param  {object}          container"," * @return {function}"," */","","function makeSanitizer(methodName, container) {","  return function() {","    var _arguments = arguments;","    var result;","    this.values.forEach(function(value, i) {","      if (value != null) {","        var args = [value];","        args = args.concat(Array.prototype.slice.call(_arguments));","        result = container[methodName].apply(container, args);","","        _.set(this.req[this.locations[i]], this.param, result);","        this.values[i] = result;","      }","    }.bind(this));","","    return result;","  };","}","","/**"," * find location of param"," *"," * @method param"," * @param  {Request} req       express request object"," * @param  {(string|string[])} name [description]"," * @return {string}"," */","","function locate(req, name) {","  if (_.get(req.params, name)) {","    return 'params';","  } else if (_.has(req.query, name)) {","    return 'query';","  } else if (_.has(req.body, name)) {","    return 'body';","  }","","  return undefined;","}","","/**"," * format param output if passed in as array (for nested)"," * before calling errorFormatter"," *"," * @method param"," * @param  {(string|string[])} param       parameter as a string or array"," * @param  {string} msg"," * @param  {string} value"," * @return {function}"," */","function formatErrors(param, msg, value) {","  var formattedParam = utils.formatParamOutput(param);","","  return this.errorFormatter(formattedParam, msg, value);","}","","module.exports = expressValidator;","module.exports.validator = validator;","module.exports.utils = utils;",""],"l":{"1":1,"2":1,"3":1,"4":1,"9":1,"10":59,"11":0,"12":0,"13":0,"17":1,"18":1,"19":64,"22":5,"24":59,"28":1,"29":0,"30":0,"31":0,"32":0,"34":0,"37":1,"38":0,"39":0,"41":0,"42":0,"45":1,"48":1,"49":1,"62":1,"63":0,"64":0,"65":0,"66":0,"67":0,"68":0,"69":0,"70":0,"83":1,"84":0,"85":0,"88":0,"89":0,"90":0,"91":0,"102":1,"103":0,"104":0,"108":0,"116":0,"119":0,"120":0,"121":0,"124":0,"125":0,"129":0,"130":0,"135":0,"136":0,"139":0,"140":0,"143":0,"147":0,"149":0,"150":0,"151":0,"154":0,"155":0,"159":0,"162":0,"163":0,"164":0,"165":0,"169":0,"170":0,"171":0,"173":0,"175":0,"176":0,"177":0,"178":0,"179":0,"180":0,"183":0,"186":0,"187":0,"190":0,"191":0,"194":0,"195":0,"197":0,"198":0,"199":0,"200":0,"201":0,"204":0,"205":0,"206":0,"207":0,"210":0,"213":0,"216":0,"217":0,"218":0,"221":0,"225":0,"228":0,"229":0,"230":0,"234":0,"235":0,"237":0,"242":0,"243":0,"244":0,"247":0,"251":0,"253":0,"254":0,"255":0,"259":0,"264":0,"280":0,"281":0,"285":0,"286":0,"287":0,"290":0,"293":0,"294":0,"297":0,"298":0,"301":0,"320":0,"321":0,"322":0,"324":0,"328":0,"329":0,"330":0,"333":0,"334":0,"337":0,"340":0,"341":0,"344":0,"345":0,"346":0,"348":0,"351":0,"352":0,"353":0,"355":0,"388":1,"389":0,"392":0,"395":0,"396":0,"397":0,"400":0,"403":0,"406":0,"407":0,"409":0,"411":0,"412":0,"414":0,"415":0,"416":0,"420":0,"421":0,"426":0,"427":0,"430":0,"434":0,"437":0,"439":0,"441":0,"442":0,"445":0,"459":1,"460":0,"461":0,"462":0,"465":0,"466":0,"467":0,"469":0,"472":0,"473":0,"474":0,"476":0,"478":0,"479":0,"480":0,"482":0,"489":0,"490":0,"491":0,"492":0,"493":0,"495":0,"498":0,"511":1,"512":0,"513":0,"514":0,"515":0,"516":0,"517":0,"518":0,"519":0,"521":0,"522":0,"526":0,"539":1,"540":0,"541":0,"542":0,"543":0,"544":0,"545":0,"548":0,"561":1,"562":0,"564":0,"567":1,"568":1,"569":1}},"/home/travis/build/npmtest/node-npmtest-express-validator/node_modules/express-validator/lib/utils.js":{"path":"/home/travis/build/npmtest/node-npmtest-express-validator/node_modules/express-validator/lib/utils.js","s":{"1":1,"2":1,"3":1,"4":0,"5":0,"6":0,"7":0,"8":0,"9":0,"10":0,"11":0,"12":0,"13":0,"14":1,"15":0,"16":0,"17":0,"18":0,"19":0,"20":0,"21":0,"22":0,"23":0,"24":0,"25":0,"26":0,"27":0,"28":0,"29":0,"30":0,"31":0,"32":0,"33":0,"34":0,"35":0,"36":0},"b":{"1":[0,0],"2":[0,0],"3":[0,0],"4":[0,0],"5":[0,0],"6":[0,0],"7":[0,0],"8":[0,0],"9":[0,0]},"f":{"1":0,"2":0,"3":0,"4":0,"5":0,"6":0,"7":0,"8":0,"9":0,"10":0},"fnMap":{"1":{"name":"formatParamOutput","line":7,"loc":{"start":{"line":7,"column":28},"end":{"line":7,"column":62}}},"2":{"name":"(anonymous_2)","line":9,"loc":{"start":{"line":9,"column":25},"end":{"line":9,"column":46}}},"3":{"name":"decorateAsValidationResult","line":28,"loc":{"start":{"line":28,"column":37},"end":{"line":28,"column":86}}},"4":{"name":"isEmpty","line":31,"loc":{"start":{"line":31,"column":16},"end":{"line":31,"column":35}}},"5":{"name":"allErrors","line":35,"loc":{"start":{"line":35,"column":14},"end":{"line":35,"column":35}}},"6":{"name":"(anonymous_6)","line":37,"loc":{"start":{"line":37,"column":52},"end":{"line":37,"column":68}}},"7":{"name":"mappedErrors","line":47,"loc":{"start":{"line":47,"column":15},"end":{"line":47,"column":39}}},"8":{"name":"(anonymous_8)","line":48,"loc":{"start":{"line":48,"column":25},"end":{"line":48,"column":50}}},"9":{"name":"useFirstErrorOnly","line":57,"loc":{"start":{"line":57,"column":26},"end":{"line":57,"column":59}}},"10":{"name":"throwError","line":62,"loc":{"start":{"line":62,"column":14},"end":{"line":62,"column":36}}}},"statementMap":{"1":{"start":{"line":1,"column":0},"end":{"line":1,"column":37}},"2":{"start":{"line":3,"column":0},"end":{"line":3,"column":30}},"3":{"start":{"line":7,"column":0},"end":{"line":26,"column":2}},"4":{"start":{"line":8,"column":2},"end":{"line":23,"column":3}},"5":{"start":{"line":9,"column":4},"end":{"line":22,"column":7}},"6":{"start":{"line":10,"column":6},"end":{"line":10,"column":20}},"7":{"start":{"line":11,"column":6},"end":{"line":19,"column":7}},"8":{"start":{"line":12,"column":8},"end":{"line":12,"column":32}},"9":{"start":{"line":14,"column":8},"end":{"line":18,"column":9}},"10":{"start":{"line":15,"column":10},"end":{"line":15,"column":28}},"11":{"start":{"line":17,"column":10},"end":{"line":17,"column":22}},"12":{"start":{"line":21,"column":6},"end":{"line":21,"column":25}},"13":{"start":{"line":25,"column":2},"end":{"line":25,"column":15}},"14":{"start":{"line":28,"column":0},"end":{"line":69,"column":2}},"15":{"start":{"line":29,"column":2},"end":{"line":29,"column":29}},"16":{"start":{"line":31,"column":2},"end":{"line":33,"column":4}},"17":{"start":{"line":32,"column":4},"end":{"line":32,"column":26}},"18":{"start":{"line":35,"column":2},"end":{"line":45,"column":4}},"19":{"start":{"line":36,"column":4},"end":{"line":36,"column":18}},"20":{"start":{"line":37,"column":4},"end":{"line":44,"column":7}},"21":{"start":{"line":38,"column":6},"end":{"line":40,"column":7}},"22":{"start":{"line":39,"column":8},"end":{"line":39,"column":21}},"23":{"start":{"line":42,"column":6},"end":{"line":42,"column":31}},"24":{"start":{"line":43,"column":6},"end":{"line":43,"column":18}},"25":{"start":{"line":47,"column":2},"end":{"line":55,"column":4}},"26":{"start":{"line":48,"column":4},"end":{"line":54,"column":11}},"27":{"start":{"line":49,"column":6},"end":{"line":51,"column":7}},"28":{"start":{"line":50,"column":8},"end":{"line":50,"column":37}},"29":{"start":{"line":53,"column":6},"end":{"line":53,"column":21}},"30":{"start":{"line":57,"column":2},"end":{"line":60,"column":4}},"31":{"start":{"line":58,"column":4},"end":{"line":58,"column":48}},"32":{"start":{"line":59,"column":4},"end":{"line":59,"column":15}},"33":{"start":{"line":62,"column":2},"end":{"line":66,"column":4}},"34":{"start":{"line":63,"column":4},"end":{"line":65,"column":5}},"35":{"start":{"line":64,"column":6},"end":{"line":64,"column":79}},"36":{"start":{"line":68,"column":2},"end":{"line":68,"column":13}}},"branchMap":{"1":{"line":8,"type":"if","locations":[{"start":{"line":8,"column":2},"end":{"line":8,"column":2}},{"start":{"line":8,"column":2},"end":{"line":8,"column":2}}]},"2":{"line":11,"type":"if","locations":[{"start":{"line":11,"column":6},"end":{"line":11,"column":6}},{"start":{"line":11,"column":6},"end":{"line":11,"column":6}}]},"3":{"line":14,"type":"if","locations":[{"start":{"line":14,"column":8},"end":{"line":14,"column":8}},{"start":{"line":14,"column":8},"end":{"line":14,"column":8}}]},"4":{"line":37,"type":"cond-expr","locations":[{"start":{"line":37,"column":29},"end":{"line":37,"column":35}},{"start":{"line":37,"column":38},"end":{"line":44,"column":6}}]},"5":{"line":38,"type":"if","locations":[{"start":{"line":38,"column":6},"end":{"line":38,"column":6}},{"start":{"line":38,"column":6},"end":{"line":38,"column":6}}]},"6":{"line":49,"type":"if","locations":[{"start":{"line":49,"column":6},"end":{"line":49,"column":6}},{"start":{"line":49,"column":6},"end":{"line":49,"column":6}}]},"7":{"line":49,"type":"binary-expr","locations":[{"start":{"line":49,"column":10},"end":{"line":49,"column":25}},{"start":{"line":49,"column":29},"end":{"line":49,"column":50}}]},"8":{"line":58,"type":"binary-expr","locations":[{"start":{"line":58,"column":21},"end":{"line":58,"column":39}},{"start":{"line":58,"column":43},"end":{"line":58,"column":47}}]},"9":{"line":63,"type":"if","locations":[{"start":{"line":63,"column":4},"end":{"line":63,"column":4}},{"start":{"line":63,"column":4},"end":{"line":63,"column":4}}]}},"code":["var validator = require('validator');","","module.exports = exports = {};","","// Convert nested params as array into string for output","// Ex: ['users', '0', 'fields', 'email'] to 'users[0].fields.email'","exports.formatParamOutput = function formatParamOutput(param) {","  if (Array.isArray(param)) {","    param = param.reduce(function(prev, curr) {","      var part = '';","      if (validator.isInt(curr)) {","        part = '[' + curr + ']';","      } else {","        if (prev) {","          part = '.' + curr;","        } else {","          part = curr;","        }","      }","","      return prev + part;","    });","  }","","  return param;","};","","exports.decorateAsValidationResult = function decorateAsValidationResult(obj, errors) {","  var onlyFirstError = false;","","  obj.isEmpty = function isEmpty() {","    return !errors.length;","  };","","  obj.array = function allErrors() {","    var used = {};","    return !onlyFirstError ? errors : errors.filter(function(error) {","      if (used[error.param]) {","        return false;","      }","","      used[error.param] = true;","      return true;","    });","  };","","  obj.mapped = function mappedErrors() {","    return errors.reduce(function(mapping, error) {","      if (!onlyFirstError || !mapping[error.param]) {","        mapping[error.param] = error;","      }","","      return mapping;","    }, {});","  };","","  obj.useFirstErrorOnly = function useFirstErrorOnly(flag) {","    onlyFirstError = flag === undefined || flag;","    return obj;","  };","","  obj.throw = function throwError() {","    if (errors.length) {","      throw decorateAsValidationResult(new Error('Validation failed'), errors);","    }","  };","","  return obj;","};"],"l":{"1":1,"3":1,"7":1,"8":0,"9":0,"10":0,"11":0,"12":0,"14":0,"15":0,"17":0,"21":0,"25":0,"28":1,"29":0,"31":0,"32":0,"35":0,"36":0,"37":0,"38":0,"39":0,"42":0,"43":0,"47":0,"48":0,"49":0,"50":0,"53":0,"57":0,"58":0,"59":0,"62":0,"63":0,"64":0,"68":0}}}